JSON-RPC Server Endpoint: http://192.168.254.245/zabbix/api_jsonrpc.php
Sending: {
    "params": {
        "user": "zt",
        "password": "z"
    },
    "method": "user.login",
    "jsonrpc": "2.0",
    "id": 0
}
Response Code: 200
Response Body: {
    "result": "0b5d2d26971edc6f49f2ee7f0fb64e8c",
    "jsonrpc": "2.0",
    "id": 0
}
Sending: {
    "params": {},
    "method": "apiinfo.version",
    "jsonrpc": "2.0",
    "id": 1
}
Response Code: 200
Response Body: {
    "result": "3.0.3",
    "jsonrpc": "2.0",
    "id": 1
}
Sending: {
    "params": {
        "output": "extend"
    },
    "method": "host.get",
    "auth": "0b5d2d26971edc6f49f2ee7f0fb64e8c",
    "jsonrpc": "2.0",
    "id": 2
}
Response Code: 200
Response Body: {
    "result": [
        {
            "snmp_error": "",
            "maintenance_type": "0",
            "jmx_error": "",
            "ipmi_password": "",
            "error": "",
            "templateid": "0",
            "snmp_errors_from": "0",
            "maintenance_status": "0",
            "ipmi_available": "0",
            "ipmi_error": "",
            "jmx_errors_from": "0",
            "ipmi_privilege": "2",
            "ipmi_disable_until": "0",
            "status": "0",
            "errors_from": "0",
            "tls_accept": "1",
            "description": "",
            "ipmi_errors_from": "0",
            "tls_psk_identity": "",
            "name": "Zabbix server",
            "available": "1",
            "tls_connect": "1",
            "tls_subject": "",
            "maintenance_from": "0",
            "tls_issuer": "",
            "disable_until": "0",
            "lastaccess": "0",
            "ipmi_username": "",
            "ipmi_authtype": "-1",
            "flags": "0",
            "host": "Zabbix server",
            "jmx_available": "0",
            "maintenanceid": "0",
            "hostid": "10084",
            "proxy_hostid": "0",
            "snmp_available": "0",
            "tls_psk": "",
            "jmx_disable_until": "0",
            "snmp_disable_until": "0"
        },
        {
            "snmp_error": "",
            "maintenance_type": "0",
            "jmx_error": "",
            "ipmi_password": "",
            "error": "",
            "templateid": "0",
            "snmp_errors_from": "0",
            "maintenance_status": "0",
            "ipmi_available": "0",
            "ipmi_error": "",
            "jmx_errors_from": "0",
            "ipmi_privilege": "2",
            "ipmi_disable_until": "0",
            "status": "0",
            "errors_from": "0",
            "tls_accept": "1",
            "description": "Web monitoring",
            "ipmi_errors_from": "0",
            "tls_psk_identity": "",
            "name": "v6016",
            "available": "0",
            "tls_connect": "1",
            "tls_subject": "",
            "maintenance_from": "0",
            "tls_issuer": "",
            "disable_until": "0",
            "lastaccess": "0",
            "ipmi_username": "",
            "ipmi_authtype": "-1",
            "flags": "0",
            "host": "v6016",
            "jmx_available": "0",
            "maintenanceid": "0",
            "hostid": "10133",
            "proxy_hostid": "0",
            "snmp_available": "0",
            "tls_psk": "",
            "jmx_disable_until": "0",
            "snmp_disable_until": "0"
        },
        {
            "snmp_error": "",
            "maintenance_type": "0",
            "jmx_error": "",
            "ipmi_password": "",
            "error": "",
            "templateid": "0",
            "snmp_errors_from": "0",
            "maintenance_status": "0",
            "ipmi_available": "0",
            "ipmi_error": "",
            "jmx_errors_from": "0",
            "ipmi_privilege": "2",
            "ipmi_disable_until": "0",
            "status": "0",
            "errors_from": "0",
            "tls_accept": "1",
            "description": "",
            "ipmi_errors_from": "0",
            "tls_psk_identity": "",
            "name": "CV520",
            "available": "0",
            "tls_connect": "1",
            "tls_subject": "",
            "maintenance_from": "0",
            "tls_issuer": "",
            "disable_until": "0",
            "lastaccess": "0",
            "ipmi_username": "",
            "ipmi_authtype": "-1",
            "flags": "0",
            "host": "CV520",
            "jmx_available": "0",
            "maintenanceid": "0",
            "hostid": "10138",
            "proxy_hostid": "0",
            "snmp_available": "1",
            "tls_psk": "",
            "jmx_disable_until": "0",
            "snmp_disable_until": "0"
        },
        {
            "snmp_error": "",
            "maintenance_type": "0",
            "jmx_error": "",
            "ipmi_password": "",
            "error": "",
            "templateid": "0",
            "snmp_errors_from": "0",
            "maintenance_status": "0",
            "ipmi_available": "0",
            "ipmi_error": "",
            "jmx_errors_from": "0",
            "ipmi_privilege": "2",
            "ipmi_disable_until": "0",
            "status": "0",
            "errors_from": "0",
            "tls_accept": "1",
            "description": "",
            "ipmi_errors_from": "0",
            "tls_psk_identity": "",
            "name": "ZTEST1",
            "available": "1",
            "tls_connect": "1",
            "tls_subject": "",
            "maintenance_from": "0",
            "tls_issuer": "",
            "disable_until": "0",
            "lastaccess": "0",
            "ipmi_username": "",
            "ipmi_authtype": "-1",
            "flags": "0",
            "host": "ZTEST1",
            "jmx_available": "0",
            "maintenanceid": "0",
            "hostid": "10140",
            "proxy_hostid": "0",
            "snmp_available": "1",
            "tls_psk": "",
            "jmx_disable_until": "0",
            "snmp_disable_until": "0"
        },
        {
            "snmp_error": "",
            "maintenance_type": "0",
            "jmx_error": "",
            "ipmi_password": "",
            "error": "",
            "templateid": "0",
            "snmp_errors_from": "0",
            "maintenance_status": "0",
            "ipmi_available": "0",
            "ipmi_error": "",
            "jmx_errors_from": "0",
            "ipmi_privilege": "2",
            "ipmi_disable_until": "0",
            "status": "0",
            "errors_from": "0",
            "tls_accept": "1",
            "description": "",
            "ipmi_errors_from": "0",
            "tls_psk_identity": "",
            "name": "ZTEST2",
            "available": "1",
            "tls_connect": "1",
            "tls_subject": "",
            "maintenance_from": "0",
            "tls_issuer": "",
            "disable_until": "0",
            "lastaccess": "0",
            "ipmi_username": "",
            "ipmi_authtype": "-1",
            "flags": "0",
            "host": "ZTEST2",
            "jmx_available": "0",
            "maintenanceid": "0",
            "hostid": "10141",
            "proxy_hostid": "0",
            "snmp_available": "1",
            "tls_psk": "",
            "jmx_disable_until": "0",
            "snmp_disable_until": "0"
        },
        {
            "snmp_error": "",
            "maintenance_type": "0",
            "jmx_error": "",
            "ipmi_password": "",
            "error": "",
            "templateid": "0",
            "snmp_errors_from": "0",
            "maintenance_status": "0",
            "ipmi_available": "0",
            "ipmi_error": "",
            "jmx_errors_from": "0",
            "ipmi_privilege": "2",
            "ipmi_disable_until": "0",
            "status": "0",
            "errors_from": "0",
            "tls_accept": "1",
            "description": "",
            "ipmi_errors_from": "0",
            "tls_psk_identity": "",
            "name": "192.168.254.240",
            "available": "0",
            "tls_connect": "1",
            "tls_subject": "",
            "maintenance_from": "0",
            "tls_issuer": "",
            "disable_until": "0",
            "lastaccess": "0",
            "ipmi_username": "",
            "ipmi_authtype": "0",
            "flags": "0",
            "host": "192.168.254.240",
            "jmx_available": "0",
            "maintenanceid": "0",
            "hostid": "10143",
            "proxy_hostid": "0",
            "snmp_available": "1",
            "tls_psk": "",
            "jmx_disable_until": "0",
            "snmp_disable_until": "0"
        },
        {
            "snmp_error": "",
            "maintenance_type": "0",
            "jmx_error": "",
            "ipmi_password": "",
            "error": "",
            "templateid": "0",
            "snmp_errors_from": "0",
            "maintenance_status": "0",
            "ipmi_available": "0",
            "ipmi_error": "",
            "jmx_errors_from": "0",
            "ipmi_privilege": "2",
            "ipmi_disable_until": "0",
            "status": "0",
            "errors_from": "0",
            "tls_accept": "1",
            "description": "",
            "ipmi_errors_from": "0",
            "tls_psk_identity": "",
            "name": "192.168.254.243",
            "available": "0",
            "tls_connect": "1",
            "tls_subject": "",
            "maintenance_from": "0",
            "tls_issuer": "",
            "disable_until": "0",
            "lastaccess": "0",
            "ipmi_username": "",
            "ipmi_authtype": "0",
            "flags": "0",
            "host": "192.168.254.243",
            "jmx_available": "0",
            "maintenanceid": "0",
            "hostid": "10144",
            "proxy_hostid": "0",
            "snmp_available": "1",
            "tls_psk": "",
            "jmx_disable_until": "0",
            "snmp_disable_until": "0"
        },
        {
            "snmp_error": "",
            "maintenance_type": "0",
            "jmx_error": "",
            "ipmi_password": "",
            "error": "",
            "templateid": "0",
            "snmp_errors_from": "0",
            "maintenance_status": "0",
            "ipmi_available": "0",
            "ipmi_error": "",
            "jmx_errors_from": "0",
            "ipmi_privilege": "2",
            "ipmi_disable_until": "0",
            "status": "0",
            "errors_from": "0",
            "tls_accept": "1",
            "description": "",
            "ipmi_errors_from": "0",
            "tls_psk_identity": "",
            "name": "CV520 Inventory",
            "available": "1",
            "tls_connect": "1",
            "tls_subject": "",
            "maintenance_from": "0",
            "tls_issuer": "",
            "disable_until": "0",
            "lastaccess": "0",
            "ipmi_username": "",
            "ipmi_authtype": "-1",
            "flags": "0",
            "host": "CV520 Inventory",
            "jmx_available": "0",
            "maintenanceid": "0",
            "hostid": "10145",
            "proxy_hostid": "0",
            "snmp_available": "1",
            "tls_psk": "",
            "jmx_disable_until": "0",
            "snmp_disable_until": "0"
        },
        {
            "snmp_error": "",
            "maintenance_type": "0",
            "jmx_error": "",
            "ipmi_password": "",
            "error": "",
            "templateid": "0",
            "snmp_errors_from": "0",
            "maintenance_status": "0",
            "ipmi_available": "0",
            "ipmi_error": "",
            "jmx_errors_from": "0",
            "ipmi_privilege": "2",
            "ipmi_disable_until": "0",
            "status": "0",
            "errors_from": "0",
            "tls_accept": "1",
            "description": "",
            "ipmi_errors_from": "0",
            "tls_psk_identity": "",
            "name": "DESKTOP-FUBPOG7",
            "available": "1",
            "tls_connect": "1",
            "tls_subject": "",
            "maintenance_from": "0",
            "tls_issuer": "",
            "disable_until": "0",
            "lastaccess": "0",
            "ipmi_username": "",
            "ipmi_authtype": "0",
            "flags": "0",
            "host": "DESKTOP-FUBPOG7",
            "jmx_available": "0",
            "maintenanceid": "0",
            "hostid": "10146",
            "proxy_hostid": "0",
            "snmp_available": "0",
            "tls_psk": "",
            "jmx_disable_until": "0",
            "snmp_disable_until": "0"
        },
        {
            "snmp_error": "",
            "maintenance_type": "0",
            "jmx_error": "",
            "ipmi_password": "",
            "error": "",
            "templateid": "0",
            "snmp_errors_from": "0",
            "maintenance_status": "0",
            "ipmi_available": "0",
            "ipmi_error": "",
            "jmx_errors_from": "0",
            "ipmi_privilege": "2",
            "ipmi_disable_until": "0",
            "status": "0",
            "errors_from": "0",
            "tls_accept": "1",
            "description": "",
            "ipmi_errors_from": "0",
            "tls_psk_identity": "",
            "name": "CV520 Agent",
            "available": "1",
            "tls_connect": "1",
            "tls_subject": "",
            "maintenance_from": "0",
            "tls_issuer": "",
            "disable_until": "0",
            "lastaccess": "0",
            "ipmi_username": "",
            "ipmi_authtype": "-1",
            "flags": "0",
            "host": "CV520 Agent",
            "jmx_available": "0",
            "maintenanceid": "0",
            "hostid": "10148",
            "proxy_hostid": "0",
            "snmp_available": "0",
            "tls_psk": "",
            "jmx_disable_until": "0",
            "snmp_disable_until": "0"
        },
        {
            "snmp_error": "",
            "maintenance_type": "0",
            "jmx_error": "",
            "ipmi_password": "",
            "error": "",
            "templateid": "0",
            "snmp_errors_from": "0",
            "maintenance_status": "0",
            "ipmi_available": "0",
            "ipmi_error": "",
            "jmx_errors_from": "0",
            "ipmi_privilege": "2",
            "ipmi_disable_until": "0",
            "status": "0",
            "errors_from": "0",
            "tls_accept": "1",
            "description": "",
            "ipmi_errors_from": "0",
            "tls_psk_identity": "",
            "name": "d006",
            "available": "0",
            "tls_connect": "1",
            "tls_subject": "",
            "maintenance_from": "0",
            "tls_issuer": "",
            "disable_until": "0",
            "lastaccess": "0",
            "ipmi_username": "",
            "ipmi_authtype": "-1",
            "flags": "0",
            "host": "d006",
            "jmx_available": "0",
            "maintenanceid": "0",
            "hostid": "10150",
            "proxy_hostid": "0",
            "snmp_available": "0",
            "tls_psk": "",
            "jmx_disable_until": "0",
            "snmp_disable_until": "0"
        }
    ],
    "jsonrpc": "2.0",
    "id": 2
}
Sending: {
    "params": {
        "output": "extend"
    },
    "method": "hostgroup.get",
    "auth": "0b5d2d26971edc6f49f2ee7f0fb64e8c",
    "jsonrpc": "2.0",
    "id": 3
}
Response Code: 200
Response Body: {
    "result": [
        {
            "groupid": "1",
            "internal": "0",
            "flags": "0",
            "name": "Templates"
        },
        {
            "groupid": "2",
            "internal": "0",
            "flags": "0",
            "name": "Linux servers"
        },
        {
            "groupid": "4",
            "internal": "0",
            "flags": "0",
            "name": "Zabbix servers"
        },
        {
            "groupid": "5",
            "internal": "1",
            "flags": "0",
            "name": "Discovered hosts"
        },
        {
            "groupid": "6",
            "internal": "0",
            "flags": "0",
            "name": "Virtual machines"
        },
        {
            "groupid": "7",
            "internal": "0",
            "flags": "0",
            "name": "Hypervisors"
        },
        {
            "groupid": "8",
            "internal": "0",
            "flags": "0",
            "name": "Test"
        },
        {
            "groupid": "9",
            "internal": "0",
            "flags": "0",
            "name": "Network Discovery Test"
        },
        {
            "groupid": "10",
            "internal": "0",
            "flags": "0",
            "name": "7552"
        },
        {
            "groupid": "11",
            "internal": "0",
            "flags": "0",
            "name": "Default"
        },
        {
            "groupid": "12",
            "internal": "0",
            "flags": "0",
            "name": "PH Templates"
        }
    ],
    "jsonrpc": "2.0",
    "id": 3
}
Sending: {
    "params": {
        "authentication": "2",
        "http_user": "g1\\admin.6016",
        "ssl_cert_file": "",
        "verify_host": "0",
        "steps": [
            {
                "follow_redirects": "1",
                "required": "Timesheets",
                "status_codes": "200",
                "url": "https://v6016.msepmonline.net/projectserver6016/default.aspx",
                "no": 1,
                "variables": "",
                "headers": "",
                "timeout": "15",
                "name": "https://v6016.msepmonline.net/projectserver6016",
                "posts": ""
            }
        ],
        "delay": "90",
        "http_password": "H6fJmymy",
        "verify_peer": "0",
        "agent": "Mozilla/5.0 (Windows; U; MSIE 7.0; Windows NT 6.0; en-US)",
        "ssl_key_password": "",
        "hostid": "10133",
        "ssl_key_file": "",
        "variables": "",
        "name": "https://v6016.msepmonline.net/projectserver6016",
        "headers": ""
    },
    "method": "httptest.create",
    "auth": "0b5d2d26971edc6f49f2ee7f0fb64e8c",
    "jsonrpc": "2.0",
    "id": 4
}
Response Code: 200
Response Body: {
    "jsonrpc": "2.0",
    "error": {
        "data": "Web scenario \"https://v6016.msepmonline.net/projectserver6016\" already exists.",
        "message": "Invalid params.",
        "code": -32602
    },
    "id": 4
}
Sending: {
    "params": {
        "authentication": "0",
        "http_user": "",
        "ssl_cert_file": "",
        "verify_host": "0",
        "steps": [
            {
                "follow_redirects": "1",
                "required": "Project Web App",
                "status_codes": "200",
                "url": "https://a5d006app1.online15.net/ProjectServer45006",
                "no": 1,
                "variables": "",
                "headers": "",
                "timeout": "15",
                "name": "https://a5d006app1.online15.net/ProjectServer45006",
                "posts": "Username=a5\\admin.45006&Password=Q5xnkq7r&action=signin"
            }
        ],
        "delay": "90",
        "http_password": "",
        "verify_peer": "0",
        "agent": "Mozilla/5.0 (Windows; U; MSIE 7.0; Windows NT 6.0; en-US)",
        "ssl_key_password": "",
        "hostid": "10150",
        "ssl_key_file": "",
        "variables": "",
        "name": "https://a5d006app1.online15.net/ProjectServer45006",
        "headers": ""
    },
    "method": "httptest.create",
    "auth": "0b5d2d26971edc6f49f2ee7f0fb64e8c",
    "jsonrpc": "2.0",
    "id": 5
}
Response Code: 200
Response Body: {
    "jsonrpc": "2.0",
    "error": {
        "data": "Web scenario \"https://a5d006app1.online15.net/ProjectServer45006\" already exists.",
        "message": "Invalid params.",
        "code": -32602
    },
    "id": 5
}
