JSON-RPC Server Endpoint: http://192.168.254.245/zabbix/api_jsonrpc.php
Sending: {
    "method": "user.login",
    "jsonrpc": "2.0",
    "id": 0,
    "params": {
        "user": "zt",
        "password": "z"
    }
}
Response Code: 200
Response Body: {
    "jsonrpc": "2.0",
    "id": 0,
    "result": "79a12f536d40acf047f5877c41bdee42"
}
Sending: {
    "method": "apiinfo.version",
    "jsonrpc": "2.0",
    "id": 1,
    "params": {}
}
Response Code: 200
Response Body: {
    "jsonrpc": "2.0",
    "id": 1,
    "result": "3.0.3"
}
Sending: {
    "auth": "79a12f536d40acf047f5877c41bdee42",
    "method": "host.get",
    "jsonrpc": "2.0",
    "id": 2,
    "params": {
        "output": "extend"
    }
}
Response Code: 200
Response Body: {
    "jsonrpc": "2.0",
    "id": 2,
    "result": [
        {
            "description": "",
            "tls_connect": "1",
            "ipmi_available": "0",
            "templateid": "0",
            "name": "Zabbix server",
            "jmx_disable_until": "0",
            "snmp_available": "0",
            "status": "0",
            "ipmi_username": "",
            "snmp_disable_until": "0",
            "ipmi_disable_until": "0",
            "available": "1",
            "ipmi_privilege": "2",
            "maintenance_from": "0",
            "jmx_available": "0",
            "error": "",
            "maintenance_status": "0",
            "tls_accept": "1",
            "jmx_errors_from": "0",
            "snmp_errors_from": "0",
            "ipmi_password": "",
            "maintenanceid": "0",
            "ipmi_error": "",
            "hostid": "10084",
            "lastaccess": "0",
            "tls_subject": "",
            "maintenance_type": "0",
            "proxy_hostid": "0",
            "host": "Zabbix server",
            "errors_from": "0",
            "tls_issuer": "",
            "disable_until": "0",
            "ipmi_authtype": "-1",
            "tls_psk": "",
            "tls_psk_identity": "",
            "jmx_error": "",
            "ipmi_errors_from": "0",
            "snmp_error": "",
            "flags": "0"
        },
        {
            "description": "Web monitoring",
            "tls_connect": "1",
            "ipmi_available": "0",
            "templateid": "0",
            "name": "v6016",
            "jmx_disable_until": "0",
            "snmp_available": "0",
            "status": "0",
            "ipmi_username": "",
            "snmp_disable_until": "0",
            "ipmi_disable_until": "0",
            "available": "0",
            "ipmi_privilege": "2",
            "maintenance_from": "0",
            "jmx_available": "0",
            "error": "",
            "maintenance_status": "0",
            "tls_accept": "1",
            "jmx_errors_from": "0",
            "snmp_errors_from": "0",
            "ipmi_password": "",
            "maintenanceid": "0",
            "ipmi_error": "",
            "hostid": "10133",
            "lastaccess": "0",
            "tls_subject": "",
            "maintenance_type": "0",
            "proxy_hostid": "0",
            "host": "v6016",
            "errors_from": "0",
            "tls_issuer": "",
            "disable_until": "0",
            "ipmi_authtype": "-1",
            "tls_psk": "",
            "tls_psk_identity": "",
            "jmx_error": "",
            "ipmi_errors_from": "0",
            "snmp_error": "",
            "flags": "0"
        },
        {
            "description": "",
            "tls_connect": "1",
            "ipmi_available": "0",
            "templateid": "0",
            "name": "CV520",
            "jmx_disable_until": "0",
            "snmp_available": "1",
            "status": "0",
            "ipmi_username": "",
            "snmp_disable_until": "0",
            "ipmi_disable_until": "0",
            "available": "0",
            "ipmi_privilege": "2",
            "maintenance_from": "0",
            "jmx_available": "0",
            "error": "",
            "maintenance_status": "0",
            "tls_accept": "1",
            "jmx_errors_from": "0",
            "snmp_errors_from": "0",
            "ipmi_password": "",
            "maintenanceid": "0",
            "ipmi_error": "",
            "hostid": "10138",
            "lastaccess": "0",
            "tls_subject": "",
            "maintenance_type": "0",
            "proxy_hostid": "0",
            "host": "CV520",
            "errors_from": "0",
            "tls_issuer": "",
            "disable_until": "0",
            "ipmi_authtype": "-1",
            "tls_psk": "",
            "tls_psk_identity": "",
            "jmx_error": "",
            "ipmi_errors_from": "0",
            "snmp_error": "",
            "flags": "0"
        },
        {
            "description": "",
            "tls_connect": "1",
            "ipmi_available": "0",
            "templateid": "0",
            "name": "ZTEST1",
            "jmx_disable_until": "0",
            "snmp_available": "1",
            "status": "0",
            "ipmi_username": "",
            "snmp_disable_until": "0",
            "ipmi_disable_until": "0",
            "available": "1",
            "ipmi_privilege": "2",
            "maintenance_from": "0",
            "jmx_available": "0",
            "error": "",
            "maintenance_status": "0",
            "tls_accept": "1",
            "jmx_errors_from": "0",
            "snmp_errors_from": "0",
            "ipmi_password": "",
            "maintenanceid": "0",
            "ipmi_error": "",
            "hostid": "10140",
            "lastaccess": "0",
            "tls_subject": "",
            "maintenance_type": "0",
            "proxy_hostid": "0",
            "host": "ZTEST1",
            "errors_from": "0",
            "tls_issuer": "",
            "disable_until": "0",
            "ipmi_authtype": "-1",
            "tls_psk": "",
            "tls_psk_identity": "",
            "jmx_error": "",
            "ipmi_errors_from": "0",
            "snmp_error": "",
            "flags": "0"
        },
        {
            "description": "",
            "tls_connect": "1",
            "ipmi_available": "0",
            "templateid": "0",
            "name": "ZTEST2",
            "jmx_disable_until": "0",
            "snmp_available": "1",
            "status": "0",
            "ipmi_username": "",
            "snmp_disable_until": "0",
            "ipmi_disable_until": "0",
            "available": "1",
            "ipmi_privilege": "2",
            "maintenance_from": "0",
            "jmx_available": "0",
            "error": "",
            "maintenance_status": "0",
            "tls_accept": "1",
            "jmx_errors_from": "0",
            "snmp_errors_from": "0",
            "ipmi_password": "",
            "maintenanceid": "0",
            "ipmi_error": "",
            "hostid": "10141",
            "lastaccess": "0",
            "tls_subject": "",
            "maintenance_type": "0",
            "proxy_hostid": "0",
            "host": "ZTEST2",
            "errors_from": "0",
            "tls_issuer": "",
            "disable_until": "0",
            "ipmi_authtype": "-1",
            "tls_psk": "",
            "tls_psk_identity": "",
            "jmx_error": "",
            "ipmi_errors_from": "0",
            "snmp_error": "",
            "flags": "0"
        },
        {
            "description": "",
            "tls_connect": "1",
            "ipmi_available": "0",
            "templateid": "0",
            "name": "192.168.254.240",
            "jmx_disable_until": "0",
            "snmp_available": "1",
            "status": "0",
            "ipmi_username": "",
            "snmp_disable_until": "0",
            "ipmi_disable_until": "0",
            "available": "0",
            "ipmi_privilege": "2",
            "maintenance_from": "0",
            "jmx_available": "0",
            "error": "",
            "maintenance_status": "0",
            "tls_accept": "1",
            "jmx_errors_from": "0",
            "snmp_errors_from": "0",
            "ipmi_password": "",
            "maintenanceid": "0",
            "ipmi_error": "",
            "hostid": "10143",
            "lastaccess": "0",
            "tls_subject": "",
            "maintenance_type": "0",
            "proxy_hostid": "0",
            "host": "192.168.254.240",
            "errors_from": "0",
            "tls_issuer": "",
            "disable_until": "0",
            "ipmi_authtype": "0",
            "tls_psk": "",
            "tls_psk_identity": "",
            "jmx_error": "",
            "ipmi_errors_from": "0",
            "snmp_error": "",
            "flags": "0"
        },
        {
            "description": "",
            "tls_connect": "1",
            "ipmi_available": "0",
            "templateid": "0",
            "name": "192.168.254.243",
            "jmx_disable_until": "0",
            "snmp_available": "1",
            "status": "0",
            "ipmi_username": "",
            "snmp_disable_until": "0",
            "ipmi_disable_until": "0",
            "available": "0",
            "ipmi_privilege": "2",
            "maintenance_from": "0",
            "jmx_available": "0",
            "error": "",
            "maintenance_status": "0",
            "tls_accept": "1",
            "jmx_errors_from": "0",
            "snmp_errors_from": "0",
            "ipmi_password": "",
            "maintenanceid": "0",
            "ipmi_error": "",
            "hostid": "10144",
            "lastaccess": "0",
            "tls_subject": "",
            "maintenance_type": "0",
            "proxy_hostid": "0",
            "host": "192.168.254.243",
            "errors_from": "0",
            "tls_issuer": "",
            "disable_until": "0",
            "ipmi_authtype": "0",
            "tls_psk": "",
            "tls_psk_identity": "",
            "jmx_error": "",
            "ipmi_errors_from": "0",
            "snmp_error": "",
            "flags": "0"
        },
        {
            "description": "",
            "tls_connect": "1",
            "ipmi_available": "0",
            "templateid": "0",
            "name": "CV520 Inventory",
            "jmx_disable_until": "0",
            "snmp_available": "1",
            "status": "0",
            "ipmi_username": "",
            "snmp_disable_until": "0",
            "ipmi_disable_until": "0",
            "available": "1",
            "ipmi_privilege": "2",
            "maintenance_from": "0",
            "jmx_available": "0",
            "error": "",
            "maintenance_status": "0",
            "tls_accept": "1",
            "jmx_errors_from": "0",
            "snmp_errors_from": "0",
            "ipmi_password": "",
            "maintenanceid": "0",
            "ipmi_error": "",
            "hostid": "10145",
            "lastaccess": "0",
            "tls_subject": "",
            "maintenance_type": "0",
            "proxy_hostid": "0",
            "host": "CV520 Inventory",
            "errors_from": "0",
            "tls_issuer": "",
            "disable_until": "0",
            "ipmi_authtype": "-1",
            "tls_psk": "",
            "tls_psk_identity": "",
            "jmx_error": "",
            "ipmi_errors_from": "0",
            "snmp_error": "",
            "flags": "0"
        },
        {
            "description": "",
            "tls_connect": "1",
            "ipmi_available": "0",
            "templateid": "0",
            "name": "DESKTOP-FUBPOG7",
            "jmx_disable_until": "0",
            "snmp_available": "0",
            "status": "0",
            "ipmi_username": "",
            "snmp_disable_until": "0",
            "ipmi_disable_until": "0",
            "available": "1",
            "ipmi_privilege": "2",
            "maintenance_from": "0",
            "jmx_available": "0",
            "error": "",
            "maintenance_status": "0",
            "tls_accept": "1",
            "jmx_errors_from": "0",
            "snmp_errors_from": "0",
            "ipmi_password": "",
            "maintenanceid": "0",
            "ipmi_error": "",
            "hostid": "10146",
            "lastaccess": "0",
            "tls_subject": "",
            "maintenance_type": "0",
            "proxy_hostid": "0",
            "host": "DESKTOP-FUBPOG7",
            "errors_from": "0",
            "tls_issuer": "",
            "disable_until": "0",
            "ipmi_authtype": "0",
            "tls_psk": "",
            "tls_psk_identity": "",
            "jmx_error": "",
            "ipmi_errors_from": "0",
            "snmp_error": "",
            "flags": "0"
        },
        {
            "description": "",
            "tls_connect": "1",
            "ipmi_available": "0",
            "templateid": "0",
            "name": "CV520 Agent",
            "jmx_disable_until": "0",
            "snmp_available": "0",
            "status": "0",
            "ipmi_username": "",
            "snmp_disable_until": "0",
            "ipmi_disable_until": "0",
            "available": "1",
            "ipmi_privilege": "2",
            "maintenance_from": "0",
            "jmx_available": "0",
            "error": "",
            "maintenance_status": "0",
            "tls_accept": "1",
            "jmx_errors_from": "0",
            "snmp_errors_from": "0",
            "ipmi_password": "",
            "maintenanceid": "0",
            "ipmi_error": "",
            "hostid": "10148",
            "lastaccess": "0",
            "tls_subject": "",
            "maintenance_type": "0",
            "proxy_hostid": "0",
            "host": "CV520 Agent",
            "errors_from": "0",
            "tls_issuer": "",
            "disable_until": "0",
            "ipmi_authtype": "-1",
            "tls_psk": "",
            "tls_psk_identity": "",
            "jmx_error": "",
            "ipmi_errors_from": "0",
            "snmp_error": "",
            "flags": "0"
        },
        {
            "description": "",
            "tls_connect": "1",
            "ipmi_available": "0",
            "templateid": "0",
            "name": "d006",
            "jmx_disable_until": "0",
            "snmp_available": "0",
            "status": "0",
            "ipmi_username": "",
            "snmp_disable_until": "0",
            "ipmi_disable_until": "0",
            "available": "0",
            "ipmi_privilege": "2",
            "maintenance_from": "0",
            "jmx_available": "0",
            "error": "",
            "maintenance_status": "0",
            "tls_accept": "1",
            "jmx_errors_from": "0",
            "snmp_errors_from": "0",
            "ipmi_password": "",
            "maintenanceid": "0",
            "ipmi_error": "",
            "hostid": "10150",
            "lastaccess": "0",
            "tls_subject": "",
            "maintenance_type": "0",
            "proxy_hostid": "0",
            "host": "d006",
            "errors_from": "0",
            "tls_issuer": "",
            "disable_until": "0",
            "ipmi_authtype": "-1",
            "tls_psk": "",
            "tls_psk_identity": "",
            "jmx_error": "",
            "ipmi_errors_from": "0",
            "snmp_error": "",
            "flags": "0"
        },
        {
            "description": "",
            "tls_connect": "1",
            "ipmi_available": "0",
            "templateid": "0",
            "name": "test123",
            "jmx_disable_until": "0",
            "snmp_available": "0",
            "status": "0",
            "ipmi_username": "",
            "snmp_disable_until": "0",
            "ipmi_disable_until": "0",
            "available": "0",
            "ipmi_privilege": "2",
            "maintenance_from": "0",
            "jmx_available": "0",
            "error": "",
            "maintenance_status": "0",
            "tls_accept": "1",
            "jmx_errors_from": "0",
            "snmp_errors_from": "0",
            "ipmi_password": "",
            "maintenanceid": "0",
            "ipmi_error": "",
            "hostid": "10152",
            "lastaccess": "0",
            "tls_subject": "",
            "maintenance_type": "0",
            "proxy_hostid": "0",
            "host": "test123",
            "errors_from": "0",
            "tls_issuer": "",
            "disable_until": "0",
            "ipmi_authtype": "0",
            "tls_psk": "",
            "tls_psk_identity": "",
            "jmx_error": "",
            "ipmi_errors_from": "0",
            "snmp_error": "",
            "flags": "0"
        },
        {
            "description": "",
            "tls_connect": "1",
            "ipmi_available": "0",
            "templateid": "0",
            "name": "test234",
            "jmx_disable_until": "0",
            "snmp_available": "0",
            "status": "0",
            "ipmi_username": "",
            "snmp_disable_until": "0",
            "ipmi_disable_until": "0",
            "available": "0",
            "ipmi_privilege": "2",
            "maintenance_from": "0",
            "jmx_available": "0",
            "error": "",
            "maintenance_status": "0",
            "tls_accept": "1",
            "jmx_errors_from": "0",
            "snmp_errors_from": "0",
            "ipmi_password": "",
            "maintenanceid": "0",
            "ipmi_error": "",
            "hostid": "10153",
            "lastaccess": "0",
            "tls_subject": "",
            "maintenance_type": "0",
            "proxy_hostid": "0",
            "host": "test234",
            "errors_from": "0",
            "tls_issuer": "",
            "disable_until": "0",
            "ipmi_authtype": "0",
            "tls_psk": "",
            "tls_psk_identity": "",
            "jmx_error": "",
            "ipmi_errors_from": "0",
            "snmp_error": "",
            "flags": "0"
        }
    ]
}
Sending: {
    "auth": "79a12f536d40acf047f5877c41bdee42",
    "method": "hostgroup.get",
    "jsonrpc": "2.0",
    "id": 3,
    "params": {
        "output": "extend"
    }
}
Response Code: 200
Response Body: {
    "jsonrpc": "2.0",
    "id": 3,
    "result": [
        {
            "groupid": "1",
            "flags": "0",
            "name": "Templates",
            "internal": "0"
        },
        {
            "groupid": "2",
            "flags": "0",
            "name": "Linux servers",
            "internal": "0"
        },
        {
            "groupid": "4",
            "flags": "0",
            "name": "Zabbix servers",
            "internal": "0"
        },
        {
            "groupid": "5",
            "flags": "0",
            "name": "Discovered hosts",
            "internal": "1"
        },
        {
            "groupid": "6",
            "flags": "0",
            "name": "Virtual machines",
            "internal": "0"
        },
        {
            "groupid": "7",
            "flags": "0",
            "name": "Hypervisors",
            "internal": "0"
        },
        {
            "groupid": "8",
            "flags": "0",
            "name": "Test",
            "internal": "0"
        },
        {
            "groupid": "9",
            "flags": "0",
            "name": "Network Discovery Test",
            "internal": "0"
        },
        {
            "groupid": "10",
            "flags": "0",
            "name": "7552",
            "internal": "0"
        },
        {
            "groupid": "11",
            "flags": "0",
            "name": "Default",
            "internal": "0"
        },
        {
            "groupid": "12",
            "flags": "0",
            "name": "PH Templates",
            "internal": "0"
        },
        {
            "groupid": "13",
            "flags": "0",
            "name": "Web Hosts",
            "internal": "0"
        }
    ]
}
