JSON-RPC Server Endpoint: http://192.168.254.245/zabbix/api_jsonrpc.php
Sending: {
    "method": "user.login",
    "jsonrpc": "2.0",
    "id": 0,
    "params": {
        "user": "zt",
        "password": "z"
    }
}
Response Code: 200
Response Body: {
    "jsonrpc": "2.0",
    "id": 0,
    "result": "94436a1e3e25138a9aafe2e9b366a74c"
}
Sending: {
    "method": "apiinfo.version",
    "jsonrpc": "2.0",
    "id": 1,
    "params": {}
}
Response Code: 200
Response Body: {
    "jsonrpc": "2.0",
    "id": 1,
    "result": "3.0.3"
}
Sending: {
    "method": "host.get",
    "jsonrpc": "2.0",
    "id": 2,
    "params": {
        "output": "extend"
    },
    "auth": "94436a1e3e25138a9aafe2e9b366a74c"
}
Response Code: 200
Response Body: {
    "jsonrpc": "2.0",
    "id": 2,
    "result": [
        {
            "hostid": "10084",
            "maintenanceid": "0",
            "flags": "0",
            "disable_until": "0",
            "snmp_disable_until": "0",
            "tls_psk": "",
            "ipmi_authtype": "-1",
            "host": "Zabbix server",
            "ipmi_error": "",
            "proxy_hostid": "0",
            "snmp_errors_from": "0",
            "ipmi_disable_until": "0",
            "tls_subject": "",
            "lastaccess": "0",
            "ipmi_password": "",
            "jmx_disable_until": "0",
            "tls_issuer": "",
            "tls_connect": "1",
            "ipmi_username": "",
            "tls_accept": "1",
            "maintenance_status": "0",
            "available": "1",
            "status": "0",
            "errors_from": "0",
            "maintenance_type": "0",
            "jmx_available": "0",
            "jmx_error": "",
            "description": "",
            "tls_psk_identity": "",
            "maintenance_from": "0",
            "ipmi_privilege": "2",
            "ipmi_errors_from": "0",
            "name": "Zabbix server",
            "ipmi_available": "0",
            "snmp_available": "0",
            "snmp_error": "",
            "templateid": "0",
            "error": "",
            "jmx_errors_from": "0"
        },
        {
            "hostid": "10133",
            "maintenanceid": "0",
            "flags": "0",
            "disable_until": "0",
            "snmp_disable_until": "0",
            "tls_psk": "",
            "ipmi_authtype": "-1",
            "host": "v6016",
            "ipmi_error": "",
            "proxy_hostid": "0",
            "snmp_errors_from": "0",
            "ipmi_disable_until": "0",
            "tls_subject": "",
            "lastaccess": "0",
            "ipmi_password": "",
            "jmx_disable_until": "0",
            "tls_issuer": "",
            "tls_connect": "1",
            "ipmi_username": "",
            "tls_accept": "1",
            "maintenance_status": "0",
            "available": "0",
            "status": "0",
            "errors_from": "0",
            "maintenance_type": "0",
            "jmx_available": "0",
            "jmx_error": "",
            "description": "Web monitoring",
            "tls_psk_identity": "",
            "maintenance_from": "0",
            "ipmi_privilege": "2",
            "ipmi_errors_from": "0",
            "name": "v6016",
            "ipmi_available": "0",
            "snmp_available": "0",
            "snmp_error": "",
            "templateid": "0",
            "error": "",
            "jmx_errors_from": "0"
        },
        {
            "hostid": "10138",
            "maintenanceid": "0",
            "flags": "0",
            "disable_until": "0",
            "snmp_disable_until": "0",
            "tls_psk": "",
            "ipmi_authtype": "-1",
            "host": "CV520",
            "ipmi_error": "",
            "proxy_hostid": "0",
            "snmp_errors_from": "0",
            "ipmi_disable_until": "0",
            "tls_subject": "",
            "lastaccess": "0",
            "ipmi_password": "",
            "jmx_disable_until": "0",
            "tls_issuer": "",
            "tls_connect": "1",
            "ipmi_username": "",
            "tls_accept": "1",
            "maintenance_status": "0",
            "available": "0",
            "status": "0",
            "errors_from": "0",
            "maintenance_type": "0",
            "jmx_available": "0",
            "jmx_error": "",
            "description": "",
            "tls_psk_identity": "",
            "maintenance_from": "0",
            "ipmi_privilege": "2",
            "ipmi_errors_from": "0",
            "name": "CV520",
            "ipmi_available": "0",
            "snmp_available": "1",
            "snmp_error": "",
            "templateid": "0",
            "error": "",
            "jmx_errors_from": "0"
        },
        {
            "hostid": "10140",
            "maintenanceid": "0",
            "flags": "0",
            "disable_until": "0",
            "snmp_disable_until": "0",
            "tls_psk": "",
            "ipmi_authtype": "-1",
            "host": "ZTEST1",
            "ipmi_error": "",
            "proxy_hostid": "0",
            "snmp_errors_from": "0",
            "ipmi_disable_until": "0",
            "tls_subject": "",
            "lastaccess": "0",
            "ipmi_password": "",
            "jmx_disable_until": "0",
            "tls_issuer": "",
            "tls_connect": "1",
            "ipmi_username": "",
            "tls_accept": "1",
            "maintenance_status": "0",
            "available": "1",
            "status": "0",
            "errors_from": "0",
            "maintenance_type": "0",
            "jmx_available": "0",
            "jmx_error": "",
            "description": "",
            "tls_psk_identity": "",
            "maintenance_from": "0",
            "ipmi_privilege": "2",
            "ipmi_errors_from": "0",
            "name": "ZTEST1",
            "ipmi_available": "0",
            "snmp_available": "1",
            "snmp_error": "",
            "templateid": "0",
            "error": "",
            "jmx_errors_from": "0"
        },
        {
            "hostid": "10141",
            "maintenanceid": "0",
            "flags": "0",
            "disable_until": "0",
            "snmp_disable_until": "0",
            "tls_psk": "",
            "ipmi_authtype": "-1",
            "host": "ZTEST2",
            "ipmi_error": "",
            "proxy_hostid": "0",
            "snmp_errors_from": "0",
            "ipmi_disable_until": "0",
            "tls_subject": "",
            "lastaccess": "0",
            "ipmi_password": "",
            "jmx_disable_until": "0",
            "tls_issuer": "",
            "tls_connect": "1",
            "ipmi_username": "",
            "tls_accept": "1",
            "maintenance_status": "0",
            "available": "1",
            "status": "0",
            "errors_from": "0",
            "maintenance_type": "0",
            "jmx_available": "0",
            "jmx_error": "",
            "description": "",
            "tls_psk_identity": "",
            "maintenance_from": "0",
            "ipmi_privilege": "2",
            "ipmi_errors_from": "0",
            "name": "ZTEST2",
            "ipmi_available": "0",
            "snmp_available": "1",
            "snmp_error": "",
            "templateid": "0",
            "error": "",
            "jmx_errors_from": "0"
        },
        {
            "hostid": "10143",
            "maintenanceid": "0",
            "flags": "0",
            "disable_until": "0",
            "snmp_disable_until": "0",
            "tls_psk": "",
            "ipmi_authtype": "0",
            "host": "192.168.254.240",
            "ipmi_error": "",
            "proxy_hostid": "0",
            "snmp_errors_from": "0",
            "ipmi_disable_until": "0",
            "tls_subject": "",
            "lastaccess": "0",
            "ipmi_password": "",
            "jmx_disable_until": "0",
            "tls_issuer": "",
            "tls_connect": "1",
            "ipmi_username": "",
            "tls_accept": "1",
            "maintenance_status": "0",
            "available": "0",
            "status": "0",
            "errors_from": "0",
            "maintenance_type": "0",
            "jmx_available": "0",
            "jmx_error": "",
            "description": "",
            "tls_psk_identity": "",
            "maintenance_from": "0",
            "ipmi_privilege": "2",
            "ipmi_errors_from": "0",
            "name": "192.168.254.240",
            "ipmi_available": "0",
            "snmp_available": "1",
            "snmp_error": "",
            "templateid": "0",
            "error": "",
            "jmx_errors_from": "0"
        },
        {
            "hostid": "10144",
            "maintenanceid": "0",
            "flags": "0",
            "disable_until": "0",
            "snmp_disable_until": "0",
            "tls_psk": "",
            "ipmi_authtype": "0",
            "host": "192.168.254.243",
            "ipmi_error": "",
            "proxy_hostid": "0",
            "snmp_errors_from": "0",
            "ipmi_disable_until": "0",
            "tls_subject": "",
            "lastaccess": "0",
            "ipmi_password": "",
            "jmx_disable_until": "0",
            "tls_issuer": "",
            "tls_connect": "1",
            "ipmi_username": "",
            "tls_accept": "1",
            "maintenance_status": "0",
            "available": "0",
            "status": "0",
            "errors_from": "0",
            "maintenance_type": "0",
            "jmx_available": "0",
            "jmx_error": "",
            "description": "",
            "tls_psk_identity": "",
            "maintenance_from": "0",
            "ipmi_privilege": "2",
            "ipmi_errors_from": "0",
            "name": "192.168.254.243",
            "ipmi_available": "0",
            "snmp_available": "1",
            "snmp_error": "",
            "templateid": "0",
            "error": "",
            "jmx_errors_from": "0"
        },
        {
            "hostid": "10145",
            "maintenanceid": "0",
            "flags": "0",
            "disable_until": "0",
            "snmp_disable_until": "0",
            "tls_psk": "",
            "ipmi_authtype": "-1",
            "host": "CV520 Inventory",
            "ipmi_error": "",
            "proxy_hostid": "0",
            "snmp_errors_from": "0",
            "ipmi_disable_until": "0",
            "tls_subject": "",
            "lastaccess": "0",
            "ipmi_password": "",
            "jmx_disable_until": "0",
            "tls_issuer": "",
            "tls_connect": "1",
            "ipmi_username": "",
            "tls_accept": "1",
            "maintenance_status": "0",
            "available": "1",
            "status": "0",
            "errors_from": "0",
            "maintenance_type": "0",
            "jmx_available": "0",
            "jmx_error": "",
            "description": "",
            "tls_psk_identity": "",
            "maintenance_from": "0",
            "ipmi_privilege": "2",
            "ipmi_errors_from": "0",
            "name": "CV520 Inventory",
            "ipmi_available": "0",
            "snmp_available": "1",
            "snmp_error": "",
            "templateid": "0",
            "error": "",
            "jmx_errors_from": "0"
        },
        {
            "hostid": "10146",
            "maintenanceid": "0",
            "flags": "0",
            "disable_until": "0",
            "snmp_disable_until": "0",
            "tls_psk": "",
            "ipmi_authtype": "0",
            "host": "DESKTOP-FUBPOG7",
            "ipmi_error": "",
            "proxy_hostid": "0",
            "snmp_errors_from": "0",
            "ipmi_disable_until": "0",
            "tls_subject": "",
            "lastaccess": "0",
            "ipmi_password": "",
            "jmx_disable_until": "0",
            "tls_issuer": "",
            "tls_connect": "1",
            "ipmi_username": "",
            "tls_accept": "1",
            "maintenance_status": "0",
            "available": "1",
            "status": "0",
            "errors_from": "0",
            "maintenance_type": "0",
            "jmx_available": "0",
            "jmx_error": "",
            "description": "",
            "tls_psk_identity": "",
            "maintenance_from": "0",
            "ipmi_privilege": "2",
            "ipmi_errors_from": "0",
            "name": "DESKTOP-FUBPOG7",
            "ipmi_available": "0",
            "snmp_available": "0",
            "snmp_error": "",
            "templateid": "0",
            "error": "",
            "jmx_errors_from": "0"
        },
        {
            "hostid": "10148",
            "maintenanceid": "0",
            "flags": "0",
            "disable_until": "0",
            "snmp_disable_until": "0",
            "tls_psk": "",
            "ipmi_authtype": "-1",
            "host": "CV520 Agent",
            "ipmi_error": "",
            "proxy_hostid": "0",
            "snmp_errors_from": "0",
            "ipmi_disable_until": "0",
            "tls_subject": "",
            "lastaccess": "0",
            "ipmi_password": "",
            "jmx_disable_until": "0",
            "tls_issuer": "",
            "tls_connect": "1",
            "ipmi_username": "",
            "tls_accept": "1",
            "maintenance_status": "0",
            "available": "1",
            "status": "0",
            "errors_from": "0",
            "maintenance_type": "0",
            "jmx_available": "0",
            "jmx_error": "",
            "description": "",
            "tls_psk_identity": "",
            "maintenance_from": "0",
            "ipmi_privilege": "2",
            "ipmi_errors_from": "0",
            "name": "CV520 Agent",
            "ipmi_available": "0",
            "snmp_available": "0",
            "snmp_error": "",
            "templateid": "0",
            "error": "",
            "jmx_errors_from": "0"
        },
        {
            "hostid": "10150",
            "maintenanceid": "0",
            "flags": "0",
            "disable_until": "0",
            "snmp_disable_until": "0",
            "tls_psk": "",
            "ipmi_authtype": "-1",
            "host": "d006",
            "ipmi_error": "",
            "proxy_hostid": "0",
            "snmp_errors_from": "0",
            "ipmi_disable_until": "0",
            "tls_subject": "",
            "lastaccess": "0",
            "ipmi_password": "",
            "jmx_disable_until": "0",
            "tls_issuer": "",
            "tls_connect": "1",
            "ipmi_username": "",
            "tls_accept": "1",
            "maintenance_status": "0",
            "available": "0",
            "status": "0",
            "errors_from": "0",
            "maintenance_type": "0",
            "jmx_available": "0",
            "jmx_error": "",
            "description": "",
            "tls_psk_identity": "",
            "maintenance_from": "0",
            "ipmi_privilege": "2",
            "ipmi_errors_from": "0",
            "name": "d006",
            "ipmi_available": "0",
            "snmp_available": "0",
            "snmp_error": "",
            "templateid": "0",
            "error": "",
            "jmx_errors_from": "0"
        }
    ]
}
Sending: {
    "method": "hostgroup.get",
    "jsonrpc": "2.0",
    "id": 3,
    "params": {
        "output": "extend"
    },
    "auth": "94436a1e3e25138a9aafe2e9b366a74c"
}
Response Code: 200
Response Body: {
    "jsonrpc": "2.0",
    "id": 3,
    "result": [
        {
            "groupid": "1",
            "flags": "0",
            "name": "Templates",
            "internal": "0"
        },
        {
            "groupid": "2",
            "flags": "0",
            "name": "Linux servers",
            "internal": "0"
        },
        {
            "groupid": "4",
            "flags": "0",
            "name": "Zabbix servers",
            "internal": "0"
        },
        {
            "groupid": "5",
            "flags": "0",
            "name": "Discovered hosts",
            "internal": "1"
        },
        {
            "groupid": "6",
            "flags": "0",
            "name": "Virtual machines",
            "internal": "0"
        },
        {
            "groupid": "7",
            "flags": "0",
            "name": "Hypervisors",
            "internal": "0"
        },
        {
            "groupid": "8",
            "flags": "0",
            "name": "Test",
            "internal": "0"
        },
        {
            "groupid": "9",
            "flags": "0",
            "name": "Network Discovery Test",
            "internal": "0"
        },
        {
            "groupid": "10",
            "flags": "0",
            "name": "7552",
            "internal": "0"
        },
        {
            "groupid": "11",
            "flags": "0",
            "name": "Default",
            "internal": "0"
        },
        {
            "groupid": "12",
            "flags": "0",
            "name": "PH Templates",
            "internal": "0"
        }
    ]
}
Sending: {
    "method": "host.create",
    "jsonrpc": "2.0",
    "id": 4,
    "params": {
        "group": [
            {
                "groupid": "5"
            }
        ],
        "host": "https://v6016.msepmonline.net/projectserver6016",
        "interfaces": [
            {
                "main": "1",
                "ip": "127.0.0.1",
                "useip": "1",
                "type": "1",
                "port": "10050",
                "dns": ""
            }
        ]
    },
    "auth": "94436a1e3e25138a9aafe2e9b366a74c"
}
Response Code: 200
Response Body: {
    "error": {
        "data": "Incorrect characters used for host name \"https://v6016.msepmonline.net/projectserver6016\".",
        "code": -32602,
        "message": "Invalid params."
    },
    "jsonrpc": "2.0",
    "id": 4
}
Sending: {
    "method": "host.create",
    "jsonrpc": "2.0",
    "id": 5,
    "params": {
        "group": [
            {
                "groupid": "5"
            }
        ],
        "host": "https://a5d006app1.online15.net/ProjectServer45006",
        "interfaces": [
            {
                "main": "1",
                "ip": "127.0.0.1",
                "useip": "1",
                "type": "1",
                "port": "10050",
                "dns": ""
            }
        ]
    },
    "auth": "94436a1e3e25138a9aafe2e9b366a74c"
}
Response Code: 200
Response Body: {
    "error": {
        "data": "Incorrect characters used for host name \"https://a5d006app1.online15.net/ProjectServer45006\".",
        "code": -32602,
        "message": "Invalid params."
    },
    "jsonrpc": "2.0",
    "id": 5
}
Sending: {
    "method": "httptest.create",
    "jsonrpc": "2.0",
    "id": 6,
    "params": {
        "hostid": "test123",
        "delay": "90",
        "steps": [
            {
                "status_codes": "200",
                "timeout": "15",
                "no": 1,
                "variables": "",
                "url": "https://v6016.msepmonline.net/projectserver6016/default.aspx",
                "headers": "",
                "posts": "",
                "follow_redirects": "1",
                "required": "Timesheets",
                "name": "https://v6016.msepmonline.net/projectserver6016"
            }
        ],
        "headers": "",
        "verify_host": "0",
        "ssl_key_password": "",
        "http_password": "H6fJmymy",
        "agent": "Mozilla/5.0 (Windows; U; MSIE 7.0; Windows NT 6.0; en-US)",
        "authentication": "2",
        "ssl_key_file": "",
        "variables": "",
        "verify_peer": "0",
        "ssl_cert_file": "",
        "http_user": "g1\\admin.6016",
        "name": "https://v6016.msepmonline.net/projectserver6016"
    },
    "auth": "94436a1e3e25138a9aafe2e9b366a74c"
}
Response Code: 200
Response Body: {
    "error": {
        "data": "No permissions to referred object or it does not exist!",
        "code": -32602,
        "message": "Invalid params."
    },
    "jsonrpc": "2.0",
    "id": 6
}
Sending: {
    "method": "httptest.create",
    "jsonrpc": "2.0",
    "id": 7,
    "params": {
        "hostid": "test234",
        "delay": "90",
        "steps": [
            {
                "status_codes": "200",
                "timeout": "15",
                "no": 1,
                "variables": "",
                "url": "https://a5d006app1.online15.net/ProjectServer45006",
                "headers": "",
                "posts": "Username=a5\\admin.45006&Password=Q5xnkq7r&action=signin",
                "follow_redirects": "1",
                "required": "Project Web App",
                "name": "https://a5d006app1.online15.net/ProjectServer45006"
            }
        ],
        "headers": "",
        "verify_host": "0",
        "ssl_key_password": "",
        "http_password": "",
        "agent": "Mozilla/5.0 (Windows; U; MSIE 7.0; Windows NT 6.0; en-US)",
        "authentication": "0",
        "ssl_key_file": "",
        "variables": "",
        "verify_peer": "0",
        "ssl_cert_file": "",
        "http_user": "",
        "name": "https://a5d006app1.online15.net/ProjectServer45006"
    },
    "auth": "94436a1e3e25138a9aafe2e9b366a74c"
}
Response Code: 200
Response Body: {
    "error": {
        "data": "No permissions to referred object or it does not exist!",
        "code": -32602,
        "message": "Invalid params."
    },
    "jsonrpc": "2.0",
    "id": 7
}
