JSON-RPC Server Endpoint: http://192.168.254.245/zabbix/api_jsonrpc.php
Sending: {
    "params": {
        "user": "zt",
        "password": "z"
    },
    "id": 0,
    "method": "user.login",
    "jsonrpc": "2.0"
}
Response Code: 200
Response Body: {
    "id": 0,
    "result": "0211c547170ebf8509538d9d64c43933",
    "jsonrpc": "2.0"
}
Sending: {
    "params": {},
    "id": 1,
    "method": "apiinfo.version",
    "jsonrpc": "2.0"
}
Response Code: 200
Response Body: {
    "id": 1,
    "result": "3.0.3",
    "jsonrpc": "2.0"
}
Sending: {
    "params": {
        "output": "extend"
    },
    "auth": "0211c547170ebf8509538d9d64c43933",
    "id": 2,
    "method": "host.get",
    "jsonrpc": "2.0"
}
Response Code: 200
Response Body: {
    "id": 2,
    "result": [
        {
            "tls_issuer": "",
            "ipmi_available": "0",
            "error": "",
            "name": "Zabbix server",
            "tls_subject": "",
            "proxy_hostid": "0",
            "disable_until": "0",
            "jmx_errors_from": "0",
            "ipmi_password": "",
            "jmx_error": "",
            "tls_psk": "",
            "ipmi_username": "",
            "ipmi_authtype": "-1",
            "errors_from": "0",
            "maintenance_from": "0",
            "ipmi_disable_until": "0",
            "snmp_error": "",
            "tls_connect": "1",
            "ipmi_error": "",
            "maintenanceid": "0",
            "jmx_disable_until": "0",
            "host": "Zabbix server",
            "available": "1",
            "snmp_available": "0",
            "description": "",
            "maintenance_type": "0",
            "lastaccess": "0",
            "tls_psk_identity": "",
            "snmp_errors_from": "0",
            "hostid": "10084",
            "status": "0",
            "flags": "0",
            "ipmi_errors_from": "0",
            "maintenance_status": "0",
            "jmx_available": "0",
            "templateid": "0",
            "snmp_disable_until": "0",
            "tls_accept": "1",
            "ipmi_privilege": "2"
        },
        {
            "tls_issuer": "",
            "ipmi_available": "0",
            "error": "",
            "name": "v6016",
            "tls_subject": "",
            "proxy_hostid": "0",
            "disable_until": "0",
            "jmx_errors_from": "0",
            "ipmi_password": "",
            "jmx_error": "",
            "tls_psk": "",
            "ipmi_username": "",
            "ipmi_authtype": "-1",
            "errors_from": "0",
            "maintenance_from": "0",
            "ipmi_disable_until": "0",
            "snmp_error": "",
            "tls_connect": "1",
            "ipmi_error": "",
            "maintenanceid": "0",
            "jmx_disable_until": "0",
            "host": "v6016",
            "available": "0",
            "snmp_available": "0",
            "description": "Web monitoring",
            "maintenance_type": "0",
            "lastaccess": "0",
            "tls_psk_identity": "",
            "snmp_errors_from": "0",
            "hostid": "10133",
            "status": "0",
            "flags": "0",
            "ipmi_errors_from": "0",
            "maintenance_status": "0",
            "jmx_available": "0",
            "templateid": "0",
            "snmp_disable_until": "0",
            "tls_accept": "1",
            "ipmi_privilege": "2"
        },
        {
            "tls_issuer": "",
            "ipmi_available": "0",
            "error": "",
            "name": "CV520",
            "tls_subject": "",
            "proxy_hostid": "0",
            "disable_until": "0",
            "jmx_errors_from": "0",
            "ipmi_password": "",
            "jmx_error": "",
            "tls_psk": "",
            "ipmi_username": "",
            "ipmi_authtype": "-1",
            "errors_from": "0",
            "maintenance_from": "0",
            "ipmi_disable_until": "0",
            "snmp_error": "",
            "tls_connect": "1",
            "ipmi_error": "",
            "maintenanceid": "0",
            "jmx_disable_until": "0",
            "host": "CV520",
            "available": "0",
            "snmp_available": "1",
            "description": "",
            "maintenance_type": "0",
            "lastaccess": "0",
            "tls_psk_identity": "",
            "snmp_errors_from": "0",
            "hostid": "10138",
            "status": "0",
            "flags": "0",
            "ipmi_errors_from": "0",
            "maintenance_status": "0",
            "jmx_available": "0",
            "templateid": "0",
            "snmp_disable_until": "0",
            "tls_accept": "1",
            "ipmi_privilege": "2"
        },
        {
            "tls_issuer": "",
            "ipmi_available": "0",
            "error": "",
            "name": "ZTEST1",
            "tls_subject": "",
            "proxy_hostid": "0",
            "disable_until": "0",
            "jmx_errors_from": "0",
            "ipmi_password": "",
            "jmx_error": "",
            "tls_psk": "",
            "ipmi_username": "",
            "ipmi_authtype": "-1",
            "errors_from": "0",
            "maintenance_from": "0",
            "ipmi_disable_until": "0",
            "snmp_error": "",
            "tls_connect": "1",
            "ipmi_error": "",
            "maintenanceid": "0",
            "jmx_disable_until": "0",
            "host": "ZTEST1",
            "available": "1",
            "snmp_available": "1",
            "description": "",
            "maintenance_type": "0",
            "lastaccess": "0",
            "tls_psk_identity": "",
            "snmp_errors_from": "0",
            "hostid": "10140",
            "status": "0",
            "flags": "0",
            "ipmi_errors_from": "0",
            "maintenance_status": "0",
            "jmx_available": "0",
            "templateid": "0",
            "snmp_disable_until": "0",
            "tls_accept": "1",
            "ipmi_privilege": "2"
        },
        {
            "tls_issuer": "",
            "ipmi_available": "0",
            "error": "",
            "name": "ZTEST2",
            "tls_subject": "",
            "proxy_hostid": "0",
            "disable_until": "0",
            "jmx_errors_from": "0",
            "ipmi_password": "",
            "jmx_error": "",
            "tls_psk": "",
            "ipmi_username": "",
            "ipmi_authtype": "-1",
            "errors_from": "0",
            "maintenance_from": "0",
            "ipmi_disable_until": "0",
            "snmp_error": "",
            "tls_connect": "1",
            "ipmi_error": "",
            "maintenanceid": "0",
            "jmx_disable_until": "0",
            "host": "ZTEST2",
            "available": "1",
            "snmp_available": "1",
            "description": "",
            "maintenance_type": "0",
            "lastaccess": "0",
            "tls_psk_identity": "",
            "snmp_errors_from": "0",
            "hostid": "10141",
            "status": "0",
            "flags": "0",
            "ipmi_errors_from": "0",
            "maintenance_status": "0",
            "jmx_available": "0",
            "templateid": "0",
            "snmp_disable_until": "0",
            "tls_accept": "1",
            "ipmi_privilege": "2"
        },
        {
            "tls_issuer": "",
            "ipmi_available": "0",
            "error": "",
            "name": "192.168.254.240",
            "tls_subject": "",
            "proxy_hostid": "0",
            "disable_until": "0",
            "jmx_errors_from": "0",
            "ipmi_password": "",
            "jmx_error": "",
            "tls_psk": "",
            "ipmi_username": "",
            "ipmi_authtype": "0",
            "errors_from": "0",
            "maintenance_from": "0",
            "ipmi_disable_until": "0",
            "snmp_error": "",
            "tls_connect": "1",
            "ipmi_error": "",
            "maintenanceid": "0",
            "jmx_disable_until": "0",
            "host": "192.168.254.240",
            "available": "0",
            "snmp_available": "1",
            "description": "",
            "maintenance_type": "0",
            "lastaccess": "0",
            "tls_psk_identity": "",
            "snmp_errors_from": "0",
            "hostid": "10143",
            "status": "0",
            "flags": "0",
            "ipmi_errors_from": "0",
            "maintenance_status": "0",
            "jmx_available": "0",
            "templateid": "0",
            "snmp_disable_until": "0",
            "tls_accept": "1",
            "ipmi_privilege": "2"
        },
        {
            "tls_issuer": "",
            "ipmi_available": "0",
            "error": "",
            "name": "192.168.254.243",
            "tls_subject": "",
            "proxy_hostid": "0",
            "disable_until": "0",
            "jmx_errors_from": "0",
            "ipmi_password": "",
            "jmx_error": "",
            "tls_psk": "",
            "ipmi_username": "",
            "ipmi_authtype": "0",
            "errors_from": "0",
            "maintenance_from": "0",
            "ipmi_disable_until": "0",
            "snmp_error": "",
            "tls_connect": "1",
            "ipmi_error": "",
            "maintenanceid": "0",
            "jmx_disable_until": "0",
            "host": "192.168.254.243",
            "available": "0",
            "snmp_available": "1",
            "description": "",
            "maintenance_type": "0",
            "lastaccess": "0",
            "tls_psk_identity": "",
            "snmp_errors_from": "0",
            "hostid": "10144",
            "status": "0",
            "flags": "0",
            "ipmi_errors_from": "0",
            "maintenance_status": "0",
            "jmx_available": "0",
            "templateid": "0",
            "snmp_disable_until": "0",
            "tls_accept": "1",
            "ipmi_privilege": "2"
        },
        {
            "tls_issuer": "",
            "ipmi_available": "0",
            "error": "",
            "name": "CV520 Inventory",
            "tls_subject": "",
            "proxy_hostid": "0",
            "disable_until": "0",
            "jmx_errors_from": "0",
            "ipmi_password": "",
            "jmx_error": "",
            "tls_psk": "",
            "ipmi_username": "",
            "ipmi_authtype": "-1",
            "errors_from": "0",
            "maintenance_from": "0",
            "ipmi_disable_until": "0",
            "snmp_error": "",
            "tls_connect": "1",
            "ipmi_error": "",
            "maintenanceid": "0",
            "jmx_disable_until": "0",
            "host": "CV520 Inventory",
            "available": "1",
            "snmp_available": "1",
            "description": "",
            "maintenance_type": "0",
            "lastaccess": "0",
            "tls_psk_identity": "",
            "snmp_errors_from": "0",
            "hostid": "10145",
            "status": "0",
            "flags": "0",
            "ipmi_errors_from": "0",
            "maintenance_status": "0",
            "jmx_available": "0",
            "templateid": "0",
            "snmp_disable_until": "0",
            "tls_accept": "1",
            "ipmi_privilege": "2"
        },
        {
            "tls_issuer": "",
            "ipmi_available": "0",
            "error": "",
            "name": "DESKTOP-FUBPOG7",
            "tls_subject": "",
            "proxy_hostid": "0",
            "disable_until": "0",
            "jmx_errors_from": "0",
            "ipmi_password": "",
            "jmx_error": "",
            "tls_psk": "",
            "ipmi_username": "",
            "ipmi_authtype": "0",
            "errors_from": "0",
            "maintenance_from": "0",
            "ipmi_disable_until": "0",
            "snmp_error": "",
            "tls_connect": "1",
            "ipmi_error": "",
            "maintenanceid": "0",
            "jmx_disable_until": "0",
            "host": "DESKTOP-FUBPOG7",
            "available": "1",
            "snmp_available": "0",
            "description": "",
            "maintenance_type": "0",
            "lastaccess": "0",
            "tls_psk_identity": "",
            "snmp_errors_from": "0",
            "hostid": "10146",
            "status": "0",
            "flags": "0",
            "ipmi_errors_from": "0",
            "maintenance_status": "0",
            "jmx_available": "0",
            "templateid": "0",
            "snmp_disable_until": "0",
            "tls_accept": "1",
            "ipmi_privilege": "2"
        },
        {
            "tls_issuer": "",
            "ipmi_available": "0",
            "error": "",
            "name": "CV520 Agent",
            "tls_subject": "",
            "proxy_hostid": "0",
            "disable_until": "0",
            "jmx_errors_from": "0",
            "ipmi_password": "",
            "jmx_error": "",
            "tls_psk": "",
            "ipmi_username": "",
            "ipmi_authtype": "-1",
            "errors_from": "0",
            "maintenance_from": "0",
            "ipmi_disable_until": "0",
            "snmp_error": "",
            "tls_connect": "1",
            "ipmi_error": "",
            "maintenanceid": "0",
            "jmx_disable_until": "0",
            "host": "CV520 Agent",
            "available": "1",
            "snmp_available": "0",
            "description": "",
            "maintenance_type": "0",
            "lastaccess": "0",
            "tls_psk_identity": "",
            "snmp_errors_from": "0",
            "hostid": "10148",
            "status": "0",
            "flags": "0",
            "ipmi_errors_from": "0",
            "maintenance_status": "0",
            "jmx_available": "0",
            "templateid": "0",
            "snmp_disable_until": "0",
            "tls_accept": "1",
            "ipmi_privilege": "2"
        },
        {
            "tls_issuer": "",
            "ipmi_available": "0",
            "error": "",
            "name": "d006",
            "tls_subject": "",
            "proxy_hostid": "0",
            "disable_until": "0",
            "jmx_errors_from": "0",
            "ipmi_password": "",
            "jmx_error": "",
            "tls_psk": "",
            "ipmi_username": "",
            "ipmi_authtype": "-1",
            "errors_from": "0",
            "maintenance_from": "0",
            "ipmi_disable_until": "0",
            "snmp_error": "",
            "tls_connect": "1",
            "ipmi_error": "",
            "maintenanceid": "0",
            "jmx_disable_until": "0",
            "host": "d006",
            "available": "0",
            "snmp_available": "0",
            "description": "",
            "maintenance_type": "0",
            "lastaccess": "0",
            "tls_psk_identity": "",
            "snmp_errors_from": "0",
            "hostid": "10150",
            "status": "0",
            "flags": "0",
            "ipmi_errors_from": "0",
            "maintenance_status": "0",
            "jmx_available": "0",
            "templateid": "0",
            "snmp_disable_until": "0",
            "tls_accept": "1",
            "ipmi_privilege": "2"
        }
    ],
    "jsonrpc": "2.0"
}
Sending: {
    "params": {
        "output": "extend"
    },
    "auth": "0211c547170ebf8509538d9d64c43933",
    "id": 3,
    "method": "hostgroup.get",
    "jsonrpc": "2.0"
}
Response Code: 200
Response Body: {
    "id": 3,
    "result": [
        {
            "internal": "0",
            "flags": "0",
            "groupid": "1",
            "name": "Templates"
        },
        {
            "internal": "0",
            "flags": "0",
            "groupid": "2",
            "name": "Linux servers"
        },
        {
            "internal": "0",
            "flags": "0",
            "groupid": "4",
            "name": "Zabbix servers"
        },
        {
            "internal": "1",
            "flags": "0",
            "groupid": "5",
            "name": "Discovered hosts"
        },
        {
            "internal": "0",
            "flags": "0",
            "groupid": "6",
            "name": "Virtual machines"
        },
        {
            "internal": "0",
            "flags": "0",
            "groupid": "7",
            "name": "Hypervisors"
        },
        {
            "internal": "0",
            "flags": "0",
            "groupid": "8",
            "name": "Test"
        },
        {
            "internal": "0",
            "flags": "0",
            "groupid": "9",
            "name": "Network Discovery Test"
        },
        {
            "internal": "0",
            "flags": "0",
            "groupid": "10",
            "name": "7552"
        },
        {
            "internal": "0",
            "flags": "0",
            "groupid": "11",
            "name": "Default"
        },
        {
            "internal": "0",
            "flags": "0",
            "groupid": "12",
            "name": "PH Templates"
        },
        {
            "internal": "0",
            "flags": "0",
            "groupid": "13",
            "name": "Web Hosts"
        }
    ],
    "jsonrpc": "2.0"
}
Sending: {
    "params": {
        "host": "test123",
        "groups": [
            {
                "groupid": "10"
            }
        ],
        "interfaces": [
            {
                "main": "1",
                "type": "1",
                "ip": "127.0.0.1",
                "port": "10050",
                "dns": "",
                "useip": "1"
            }
        ]
    },
    "auth": "0211c547170ebf8509538d9d64c43933",
    "id": 4,
    "method": "host.create",
    "jsonrpc": "2.0"
}
Response Code: 200
Response Body: {
    "id": 4,
    "result": {
        "hostids": [
            "10152"
        ]
    },
    "jsonrpc": "2.0"
}
Sending: {
    "params": {
        "host": "test234",
        "groups": [
            {
                "groupid": "10"
            }
        ],
        "interfaces": [
            {
                "main": "1",
                "type": "1",
                "ip": "127.0.0.1",
                "port": "10050",
                "dns": "",
                "useip": "1"
            }
        ]
    },
    "auth": "0211c547170ebf8509538d9d64c43933",
    "id": 5,
    "method": "host.create",
    "jsonrpc": "2.0"
}
Response Code: 200
Response Body: {
    "id": 5,
    "result": {
        "hostids": [
            "10153"
        ]
    },
    "jsonrpc": "2.0"
}
Sending: {
    "params": {
        "output": "extend"
    },
    "auth": "0211c547170ebf8509538d9d64c43933",
    "id": 6,
    "method": "host.get",
    "jsonrpc": "2.0"
}
Response Code: 200
Response Body: {
    "id": 6,
    "result": [
        {
            "tls_issuer": "",
            "ipmi_available": "0",
            "error": "",
            "name": "Zabbix server",
            "tls_subject": "",
            "proxy_hostid": "0",
            "disable_until": "0",
            "jmx_errors_from": "0",
            "ipmi_password": "",
            "jmx_error": "",
            "tls_psk": "",
            "ipmi_username": "",
            "ipmi_authtype": "-1",
            "errors_from": "0",
            "maintenance_from": "0",
            "ipmi_disable_until": "0",
            "snmp_error": "",
            "tls_connect": "1",
            "ipmi_error": "",
            "maintenanceid": "0",
            "jmx_disable_until": "0",
            "host": "Zabbix server",
            "available": "1",
            "snmp_available": "0",
            "description": "",
            "maintenance_type": "0",
            "lastaccess": "0",
            "tls_psk_identity": "",
            "snmp_errors_from": "0",
            "hostid": "10084",
            "status": "0",
            "flags": "0",
            "ipmi_errors_from": "0",
            "maintenance_status": "0",
            "jmx_available": "0",
            "templateid": "0",
            "snmp_disable_until": "0",
            "tls_accept": "1",
            "ipmi_privilege": "2"
        },
        {
            "tls_issuer": "",
            "ipmi_available": "0",
            "error": "",
            "name": "v6016",
            "tls_subject": "",
            "proxy_hostid": "0",
            "disable_until": "0",
            "jmx_errors_from": "0",
            "ipmi_password": "",
            "jmx_error": "",
            "tls_psk": "",
            "ipmi_username": "",
            "ipmi_authtype": "-1",
            "errors_from": "0",
            "maintenance_from": "0",
            "ipmi_disable_until": "0",
            "snmp_error": "",
            "tls_connect": "1",
            "ipmi_error": "",
            "maintenanceid": "0",
            "jmx_disable_until": "0",
            "host": "v6016",
            "available": "0",
            "snmp_available": "0",
            "description": "Web monitoring",
            "maintenance_type": "0",
            "lastaccess": "0",
            "tls_psk_identity": "",
            "snmp_errors_from": "0",
            "hostid": "10133",
            "status": "0",
            "flags": "0",
            "ipmi_errors_from": "0",
            "maintenance_status": "0",
            "jmx_available": "0",
            "templateid": "0",
            "snmp_disable_until": "0",
            "tls_accept": "1",
            "ipmi_privilege": "2"
        },
        {
            "tls_issuer": "",
            "ipmi_available": "0",
            "error": "",
            "name": "CV520",
            "tls_subject": "",
            "proxy_hostid": "0",
            "disable_until": "0",
            "jmx_errors_from": "0",
            "ipmi_password": "",
            "jmx_error": "",
            "tls_psk": "",
            "ipmi_username": "",
            "ipmi_authtype": "-1",
            "errors_from": "0",
            "maintenance_from": "0",
            "ipmi_disable_until": "0",
            "snmp_error": "",
            "tls_connect": "1",
            "ipmi_error": "",
            "maintenanceid": "0",
            "jmx_disable_until": "0",
            "host": "CV520",
            "available": "0",
            "snmp_available": "1",
            "description": "",
            "maintenance_type": "0",
            "lastaccess": "0",
            "tls_psk_identity": "",
            "snmp_errors_from": "0",
            "hostid": "10138",
            "status": "0",
            "flags": "0",
            "ipmi_errors_from": "0",
            "maintenance_status": "0",
            "jmx_available": "0",
            "templateid": "0",
            "snmp_disable_until": "0",
            "tls_accept": "1",
            "ipmi_privilege": "2"
        },
        {
            "tls_issuer": "",
            "ipmi_available": "0",
            "error": "",
            "name": "ZTEST1",
            "tls_subject": "",
            "proxy_hostid": "0",
            "disable_until": "0",
            "jmx_errors_from": "0",
            "ipmi_password": "",
            "jmx_error": "",
            "tls_psk": "",
            "ipmi_username": "",
            "ipmi_authtype": "-1",
            "errors_from": "0",
            "maintenance_from": "0",
            "ipmi_disable_until": "0",
            "snmp_error": "",
            "tls_connect": "1",
            "ipmi_error": "",
            "maintenanceid": "0",
            "jmx_disable_until": "0",
            "host": "ZTEST1",
            "available": "1",
            "snmp_available": "1",
            "description": "",
            "maintenance_type": "0",
            "lastaccess": "0",
            "tls_psk_identity": "",
            "snmp_errors_from": "0",
            "hostid": "10140",
            "status": "0",
            "flags": "0",
            "ipmi_errors_from": "0",
            "maintenance_status": "0",
            "jmx_available": "0",
            "templateid": "0",
            "snmp_disable_until": "0",
            "tls_accept": "1",
            "ipmi_privilege": "2"
        },
        {
            "tls_issuer": "",
            "ipmi_available": "0",
            "error": "",
            "name": "ZTEST2",
            "tls_subject": "",
            "proxy_hostid": "0",
            "disable_until": "0",
            "jmx_errors_from": "0",
            "ipmi_password": "",
            "jmx_error": "",
            "tls_psk": "",
            "ipmi_username": "",
            "ipmi_authtype": "-1",
            "errors_from": "0",
            "maintenance_from": "0",
            "ipmi_disable_until": "0",
            "snmp_error": "",
            "tls_connect": "1",
            "ipmi_error": "",
            "maintenanceid": "0",
            "jmx_disable_until": "0",
            "host": "ZTEST2",
            "available": "1",
            "snmp_available": "1",
            "description": "",
            "maintenance_type": "0",
            "lastaccess": "0",
            "tls_psk_identity": "",
            "snmp_errors_from": "0",
            "hostid": "10141",
            "status": "0",
            "flags": "0",
            "ipmi_errors_from": "0",
            "maintenance_status": "0",
            "jmx_available": "0",
            "templateid": "0",
            "snmp_disable_until": "0",
            "tls_accept": "1",
            "ipmi_privilege": "2"
        },
        {
            "tls_issuer": "",
            "ipmi_available": "0",
            "error": "",
            "name": "192.168.254.240",
            "tls_subject": "",
            "proxy_hostid": "0",
            "disable_until": "0",
            "jmx_errors_from": "0",
            "ipmi_password": "",
            "jmx_error": "",
            "tls_psk": "",
            "ipmi_username": "",
            "ipmi_authtype": "0",
            "errors_from": "0",
            "maintenance_from": "0",
            "ipmi_disable_until": "0",
            "snmp_error": "",
            "tls_connect": "1",
            "ipmi_error": "",
            "maintenanceid": "0",
            "jmx_disable_until": "0",
            "host": "192.168.254.240",
            "available": "0",
            "snmp_available": "1",
            "description": "",
            "maintenance_type": "0",
            "lastaccess": "0",
            "tls_psk_identity": "",
            "snmp_errors_from": "0",
            "hostid": "10143",
            "status": "0",
            "flags": "0",
            "ipmi_errors_from": "0",
            "maintenance_status": "0",
            "jmx_available": "0",
            "templateid": "0",
            "snmp_disable_until": "0",
            "tls_accept": "1",
            "ipmi_privilege": "2"
        },
        {
            "tls_issuer": "",
            "ipmi_available": "0",
            "error": "",
            "name": "192.168.254.243",
            "tls_subject": "",
            "proxy_hostid": "0",
            "disable_until": "0",
            "jmx_errors_from": "0",
            "ipmi_password": "",
            "jmx_error": "",
            "tls_psk": "",
            "ipmi_username": "",
            "ipmi_authtype": "0",
            "errors_from": "0",
            "maintenance_from": "0",
            "ipmi_disable_until": "0",
            "snmp_error": "",
            "tls_connect": "1",
            "ipmi_error": "",
            "maintenanceid": "0",
            "jmx_disable_until": "0",
            "host": "192.168.254.243",
            "available": "0",
            "snmp_available": "1",
            "description": "",
            "maintenance_type": "0",
            "lastaccess": "0",
            "tls_psk_identity": "",
            "snmp_errors_from": "0",
            "hostid": "10144",
            "status": "0",
            "flags": "0",
            "ipmi_errors_from": "0",
            "maintenance_status": "0",
            "jmx_available": "0",
            "templateid": "0",
            "snmp_disable_until": "0",
            "tls_accept": "1",
            "ipmi_privilege": "2"
        },
        {
            "tls_issuer": "",
            "ipmi_available": "0",
            "error": "",
            "name": "CV520 Inventory",
            "tls_subject": "",
            "proxy_hostid": "0",
            "disable_until": "0",
            "jmx_errors_from": "0",
            "ipmi_password": "",
            "jmx_error": "",
            "tls_psk": "",
            "ipmi_username": "",
            "ipmi_authtype": "-1",
            "errors_from": "0",
            "maintenance_from": "0",
            "ipmi_disable_until": "0",
            "snmp_error": "",
            "tls_connect": "1",
            "ipmi_error": "",
            "maintenanceid": "0",
            "jmx_disable_until": "0",
            "host": "CV520 Inventory",
            "available": "1",
            "snmp_available": "1",
            "description": "",
            "maintenance_type": "0",
            "lastaccess": "0",
            "tls_psk_identity": "",
            "snmp_errors_from": "0",
            "hostid": "10145",
            "status": "0",
            "flags": "0",
            "ipmi_errors_from": "0",
            "maintenance_status": "0",
            "jmx_available": "0",
            "templateid": "0",
            "snmp_disable_until": "0",
            "tls_accept": "1",
            "ipmi_privilege": "2"
        },
        {
            "tls_issuer": "",
            "ipmi_available": "0",
            "error": "",
            "name": "DESKTOP-FUBPOG7",
            "tls_subject": "",
            "proxy_hostid": "0",
            "disable_until": "0",
            "jmx_errors_from": "0",
            "ipmi_password": "",
            "jmx_error": "",
            "tls_psk": "",
            "ipmi_username": "",
            "ipmi_authtype": "0",
            "errors_from": "0",
            "maintenance_from": "0",
            "ipmi_disable_until": "0",
            "snmp_error": "",
            "tls_connect": "1",
            "ipmi_error": "",
            "maintenanceid": "0",
            "jmx_disable_until": "0",
            "host": "DESKTOP-FUBPOG7",
            "available": "1",
            "snmp_available": "0",
            "description": "",
            "maintenance_type": "0",
            "lastaccess": "0",
            "tls_psk_identity": "",
            "snmp_errors_from": "0",
            "hostid": "10146",
            "status": "0",
            "flags": "0",
            "ipmi_errors_from": "0",
            "maintenance_status": "0",
            "jmx_available": "0",
            "templateid": "0",
            "snmp_disable_until": "0",
            "tls_accept": "1",
            "ipmi_privilege": "2"
        },
        {
            "tls_issuer": "",
            "ipmi_available": "0",
            "error": "",
            "name": "CV520 Agent",
            "tls_subject": "",
            "proxy_hostid": "0",
            "disable_until": "0",
            "jmx_errors_from": "0",
            "ipmi_password": "",
            "jmx_error": "",
            "tls_psk": "",
            "ipmi_username": "",
            "ipmi_authtype": "-1",
            "errors_from": "0",
            "maintenance_from": "0",
            "ipmi_disable_until": "0",
            "snmp_error": "",
            "tls_connect": "1",
            "ipmi_error": "",
            "maintenanceid": "0",
            "jmx_disable_until": "0",
            "host": "CV520 Agent",
            "available": "1",
            "snmp_available": "0",
            "description": "",
            "maintenance_type": "0",
            "lastaccess": "0",
            "tls_psk_identity": "",
            "snmp_errors_from": "0",
            "hostid": "10148",
            "status": "0",
            "flags": "0",
            "ipmi_errors_from": "0",
            "maintenance_status": "0",
            "jmx_available": "0",
            "templateid": "0",
            "snmp_disable_until": "0",
            "tls_accept": "1",
            "ipmi_privilege": "2"
        },
        {
            "tls_issuer": "",
            "ipmi_available": "0",
            "error": "",
            "name": "d006",
            "tls_subject": "",
            "proxy_hostid": "0",
            "disable_until": "0",
            "jmx_errors_from": "0",
            "ipmi_password": "",
            "jmx_error": "",
            "tls_psk": "",
            "ipmi_username": "",
            "ipmi_authtype": "-1",
            "errors_from": "0",
            "maintenance_from": "0",
            "ipmi_disable_until": "0",
            "snmp_error": "",
            "tls_connect": "1",
            "ipmi_error": "",
            "maintenanceid": "0",
            "jmx_disable_until": "0",
            "host": "d006",
            "available": "0",
            "snmp_available": "0",
            "description": "",
            "maintenance_type": "0",
            "lastaccess": "0",
            "tls_psk_identity": "",
            "snmp_errors_from": "0",
            "hostid": "10150",
            "status": "0",
            "flags": "0",
            "ipmi_errors_from": "0",
            "maintenance_status": "0",
            "jmx_available": "0",
            "templateid": "0",
            "snmp_disable_until": "0",
            "tls_accept": "1",
            "ipmi_privilege": "2"
        },
        {
            "tls_issuer": "",
            "ipmi_available": "0",
            "error": "",
            "name": "test123",
            "tls_subject": "",
            "proxy_hostid": "0",
            "disable_until": "0",
            "jmx_errors_from": "0",
            "ipmi_password": "",
            "jmx_error": "",
            "tls_psk": "",
            "ipmi_username": "",
            "ipmi_authtype": "0",
            "errors_from": "0",
            "maintenance_from": "0",
            "ipmi_disable_until": "0",
            "snmp_error": "",
            "tls_connect": "1",
            "ipmi_error": "",
            "maintenanceid": "0",
            "jmx_disable_until": "0",
            "host": "test123",
            "available": "0",
            "snmp_available": "0",
            "description": "",
            "maintenance_type": "0",
            "lastaccess": "0",
            "tls_psk_identity": "",
            "snmp_errors_from": "0",
            "hostid": "10152",
            "status": "0",
            "flags": "0",
            "ipmi_errors_from": "0",
            "maintenance_status": "0",
            "jmx_available": "0",
            "templateid": "0",
            "snmp_disable_until": "0",
            "tls_accept": "1",
            "ipmi_privilege": "2"
        },
        {
            "tls_issuer": "",
            "ipmi_available": "0",
            "error": "",
            "name": "test234",
            "tls_subject": "",
            "proxy_hostid": "0",
            "disable_until": "0",
            "jmx_errors_from": "0",
            "ipmi_password": "",
            "jmx_error": "",
            "tls_psk": "",
            "ipmi_username": "",
            "ipmi_authtype": "0",
            "errors_from": "0",
            "maintenance_from": "0",
            "ipmi_disable_until": "0",
            "snmp_error": "",
            "tls_connect": "1",
            "ipmi_error": "",
            "maintenanceid": "0",
            "jmx_disable_until": "0",
            "host": "test234",
            "available": "0",
            "snmp_available": "0",
            "description": "",
            "maintenance_type": "0",
            "lastaccess": "0",
            "tls_psk_identity": "",
            "snmp_errors_from": "0",
            "hostid": "10153",
            "status": "0",
            "flags": "0",
            "ipmi_errors_from": "0",
            "maintenance_status": "0",
            "jmx_available": "0",
            "templateid": "0",
            "snmp_disable_until": "0",
            "tls_accept": "1",
            "ipmi_privilege": "2"
        }
    ],
    "jsonrpc": "2.0"
}
Sending: {
    "params": {
        "authentication": "2",
        "ssl_cert_file": "",
        "name": "https://v6016.msepmonline.net/projectserver6016",
        "delay": "90",
        "ssl_key_file": "",
        "steps": [
            {
                "no": 1,
                "timeout": "15",
                "required": "Timesheets",
                "name": "https://v6016.msepmonline.net/projectserver6016",
                "url": "https://v6016.msepmonline.net/projectserver6016/default.aspx",
                "variables": "",
                "posts": "",
                "headers": "",
                "status_codes": "200",
                "follow_redirects": "1"
            }
        ],
        "hostid": "10152",
        "http_user": "g1\\admin.6016",
        "ssl_key_password": "",
        "verify_peer": "0",
        "headers": "",
        "variables": "",
        "verify_host": "0",
        "http_password": "H6fJmymy",
        "agent": "Mozilla/5.0 (Windows; U; MSIE 7.0; Windows NT 6.0; en-US)"
    },
    "auth": "0211c547170ebf8509538d9d64c43933",
    "id": 7,
    "method": "httptest.create",
    "jsonrpc": "2.0"
}
Response Code: 200
Response Body: {
    "id": 7,
    "result": {
        "httptestids": [
            "15"
        ]
    },
    "jsonrpc": "2.0"
}
Sending: {
    "params": {
        "authentication": "0",
        "ssl_cert_file": "",
        "name": "https://a5d006app1.online15.net/ProjectServer45006",
        "delay": "90",
        "ssl_key_file": "",
        "steps": [
            {
                "no": 1,
                "timeout": "15",
                "required": "Project Web App",
                "name": "https://a5d006app1.online15.net/ProjectServer45006",
                "url": "https://a5d006app1.online15.net/ProjectServer45006",
                "variables": "",
                "posts": "Username=a5\\admin.45006&Password=Q5xnkq7r&action=signin",
                "headers": "",
                "status_codes": "200",
                "follow_redirects": "1"
            }
        ],
        "hostid": "10153",
        "http_user": "",
        "ssl_key_password": "",
        "verify_peer": "0",
        "headers": "",
        "variables": "",
        "verify_host": "0",
        "http_password": "",
        "agent": "Mozilla/5.0 (Windows; U; MSIE 7.0; Windows NT 6.0; en-US)"
    },
    "auth": "0211c547170ebf8509538d9d64c43933",
    "id": 8,
    "method": "httptest.create",
    "jsonrpc": "2.0"
}
Response Code: 200
Response Body: {
    "id": 8,
    "result": {
        "httptestids": [
            "16"
        ]
    },
    "jsonrpc": "2.0"
}
