JSON-RPC Server Endpoint: http://192.168.254.245/zabbix/api_jsonrpc.php
Sending: {
    "params": {
        "password": "z",
        "user": "zt"
    },
    "id": 0,
    "method": "user.login",
    "jsonrpc": "2.0"
}
Response Code: 200
Response Body: {
    "result": "a1a479d26d6f3aa25181479a1e69d048",
    "id": 0,
    "jsonrpc": "2.0"
}
Sending: {
    "params": {},
    "id": 1,
    "method": "apiinfo.version",
    "jsonrpc": "2.0"
}
Response Code: 200
Response Body: {
    "result": "3.0.3",
    "id": 1,
    "jsonrpc": "2.0"
}
Sending: {
    "auth": "a1a479d26d6f3aa25181479a1e69d048",
    "params": {
        "output": "extend"
    },
    "id": 2,
    "method": "host.get",
    "jsonrpc": "2.0"
}
Response Code: 200
Response Body: {
    "result": [
        {
            "maintenance_type": "0",
            "available": "1",
            "tls_connect": "1",
            "name": "Zabbix server",
            "ipmi_disable_until": "0",
            "proxy_hostid": "0",
            "maintenance_from": "0",
            "ipmi_authtype": "-1",
            "ipmi_privilege": "2",
            "snmp_disable_until": "0",
            "tls_subject": "",
            "ipmi_errors_from": "0",
            "snmp_error": "",
            "jmx_errors_from": "0",
            "description": "",
            "ipmi_password": "",
            "maintenance_status": "0",
            "hostid": "10084",
            "jmx_error": "",
            "host": "Zabbix server",
            "jmx_available": "0",
            "tls_psk": "",
            "ipmi_username": "",
            "ipmi_error": "",
            "lastaccess": "0",
            "flags": "0",
            "tls_psk_identity": "",
            "snmp_available": "0",
            "error": "",
            "templateid": "0",
            "maintenanceid": "0",
            "tls_accept": "1",
            "ipmi_available": "0",
            "status": "0",
            "disable_until": "0",
            "tls_issuer": "",
            "jmx_disable_until": "0",
            "errors_from": "0",
            "snmp_errors_from": "0"
        },
        {
            "maintenance_type": "0",
            "available": "0",
            "tls_connect": "1",
            "name": "v6016",
            "ipmi_disable_until": "0",
            "proxy_hostid": "0",
            "maintenance_from": "0",
            "ipmi_authtype": "-1",
            "ipmi_privilege": "2",
            "snmp_disable_until": "0",
            "tls_subject": "",
            "ipmi_errors_from": "0",
            "snmp_error": "",
            "jmx_errors_from": "0",
            "description": "Web monitoring",
            "ipmi_password": "",
            "maintenance_status": "0",
            "hostid": "10133",
            "jmx_error": "",
            "host": "v6016",
            "jmx_available": "0",
            "tls_psk": "",
            "ipmi_username": "",
            "ipmi_error": "",
            "lastaccess": "0",
            "flags": "0",
            "tls_psk_identity": "",
            "snmp_available": "0",
            "error": "",
            "templateid": "0",
            "maintenanceid": "0",
            "tls_accept": "1",
            "ipmi_available": "0",
            "status": "0",
            "disable_until": "0",
            "tls_issuer": "",
            "jmx_disable_until": "0",
            "errors_from": "0",
            "snmp_errors_from": "0"
        },
        {
            "maintenance_type": "0",
            "available": "0",
            "tls_connect": "1",
            "name": "CV520",
            "ipmi_disable_until": "0",
            "proxy_hostid": "0",
            "maintenance_from": "0",
            "ipmi_authtype": "-1",
            "ipmi_privilege": "2",
            "snmp_disable_until": "0",
            "tls_subject": "",
            "ipmi_errors_from": "0",
            "snmp_error": "",
            "jmx_errors_from": "0",
            "description": "",
            "ipmi_password": "",
            "maintenance_status": "0",
            "hostid": "10138",
            "jmx_error": "",
            "host": "CV520",
            "jmx_available": "0",
            "tls_psk": "",
            "ipmi_username": "",
            "ipmi_error": "",
            "lastaccess": "0",
            "flags": "0",
            "tls_psk_identity": "",
            "snmp_available": "1",
            "error": "",
            "templateid": "0",
            "maintenanceid": "0",
            "tls_accept": "1",
            "ipmi_available": "0",
            "status": "0",
            "disable_until": "0",
            "tls_issuer": "",
            "jmx_disable_until": "0",
            "errors_from": "0",
            "snmp_errors_from": "0"
        },
        {
            "maintenance_type": "0",
            "available": "1",
            "tls_connect": "1",
            "name": "ZTEST1",
            "ipmi_disable_until": "0",
            "proxy_hostid": "0",
            "maintenance_from": "0",
            "ipmi_authtype": "-1",
            "ipmi_privilege": "2",
            "snmp_disable_until": "0",
            "tls_subject": "",
            "ipmi_errors_from": "0",
            "snmp_error": "",
            "jmx_errors_from": "0",
            "description": "",
            "ipmi_password": "",
            "maintenance_status": "0",
            "hostid": "10140",
            "jmx_error": "",
            "host": "ZTEST1",
            "jmx_available": "0",
            "tls_psk": "",
            "ipmi_username": "",
            "ipmi_error": "",
            "lastaccess": "0",
            "flags": "0",
            "tls_psk_identity": "",
            "snmp_available": "1",
            "error": "",
            "templateid": "0",
            "maintenanceid": "0",
            "tls_accept": "1",
            "ipmi_available": "0",
            "status": "0",
            "disable_until": "0",
            "tls_issuer": "",
            "jmx_disable_until": "0",
            "errors_from": "0",
            "snmp_errors_from": "0"
        },
        {
            "maintenance_type": "0",
            "available": "1",
            "tls_connect": "1",
            "name": "ZTEST2",
            "ipmi_disable_until": "0",
            "proxy_hostid": "0",
            "maintenance_from": "0",
            "ipmi_authtype": "-1",
            "ipmi_privilege": "2",
            "snmp_disable_until": "0",
            "tls_subject": "",
            "ipmi_errors_from": "0",
            "snmp_error": "",
            "jmx_errors_from": "0",
            "description": "",
            "ipmi_password": "",
            "maintenance_status": "0",
            "hostid": "10141",
            "jmx_error": "",
            "host": "ZTEST2",
            "jmx_available": "0",
            "tls_psk": "",
            "ipmi_username": "",
            "ipmi_error": "",
            "lastaccess": "0",
            "flags": "0",
            "tls_psk_identity": "",
            "snmp_available": "1",
            "error": "",
            "templateid": "0",
            "maintenanceid": "0",
            "tls_accept": "1",
            "ipmi_available": "0",
            "status": "0",
            "disable_until": "0",
            "tls_issuer": "",
            "jmx_disable_until": "0",
            "errors_from": "0",
            "snmp_errors_from": "0"
        },
        {
            "maintenance_type": "0",
            "available": "0",
            "tls_connect": "1",
            "name": "192.168.254.240",
            "ipmi_disable_until": "0",
            "proxy_hostid": "0",
            "maintenance_from": "0",
            "ipmi_authtype": "0",
            "ipmi_privilege": "2",
            "snmp_disable_until": "0",
            "tls_subject": "",
            "ipmi_errors_from": "0",
            "snmp_error": "",
            "jmx_errors_from": "0",
            "description": "",
            "ipmi_password": "",
            "maintenance_status": "0",
            "hostid": "10143",
            "jmx_error": "",
            "host": "192.168.254.240",
            "jmx_available": "0",
            "tls_psk": "",
            "ipmi_username": "",
            "ipmi_error": "",
            "lastaccess": "0",
            "flags": "0",
            "tls_psk_identity": "",
            "snmp_available": "1",
            "error": "",
            "templateid": "0",
            "maintenanceid": "0",
            "tls_accept": "1",
            "ipmi_available": "0",
            "status": "0",
            "disable_until": "0",
            "tls_issuer": "",
            "jmx_disable_until": "0",
            "errors_from": "0",
            "snmp_errors_from": "0"
        },
        {
            "maintenance_type": "0",
            "available": "0",
            "tls_connect": "1",
            "name": "192.168.254.243",
            "ipmi_disable_until": "0",
            "proxy_hostid": "0",
            "maintenance_from": "0",
            "ipmi_authtype": "0",
            "ipmi_privilege": "2",
            "snmp_disable_until": "0",
            "tls_subject": "",
            "ipmi_errors_from": "0",
            "snmp_error": "",
            "jmx_errors_from": "0",
            "description": "",
            "ipmi_password": "",
            "maintenance_status": "0",
            "hostid": "10144",
            "jmx_error": "",
            "host": "192.168.254.243",
            "jmx_available": "0",
            "tls_psk": "",
            "ipmi_username": "",
            "ipmi_error": "",
            "lastaccess": "0",
            "flags": "0",
            "tls_psk_identity": "",
            "snmp_available": "1",
            "error": "",
            "templateid": "0",
            "maintenanceid": "0",
            "tls_accept": "1",
            "ipmi_available": "0",
            "status": "0",
            "disable_until": "0",
            "tls_issuer": "",
            "jmx_disable_until": "0",
            "errors_from": "0",
            "snmp_errors_from": "0"
        },
        {
            "maintenance_type": "0",
            "available": "1",
            "tls_connect": "1",
            "name": "CV520 Inventory",
            "ipmi_disable_until": "0",
            "proxy_hostid": "0",
            "maintenance_from": "0",
            "ipmi_authtype": "-1",
            "ipmi_privilege": "2",
            "snmp_disable_until": "0",
            "tls_subject": "",
            "ipmi_errors_from": "0",
            "snmp_error": "",
            "jmx_errors_from": "0",
            "description": "",
            "ipmi_password": "",
            "maintenance_status": "0",
            "hostid": "10145",
            "jmx_error": "",
            "host": "CV520 Inventory",
            "jmx_available": "0",
            "tls_psk": "",
            "ipmi_username": "",
            "ipmi_error": "",
            "lastaccess": "0",
            "flags": "0",
            "tls_psk_identity": "",
            "snmp_available": "1",
            "error": "",
            "templateid": "0",
            "maintenanceid": "0",
            "tls_accept": "1",
            "ipmi_available": "0",
            "status": "0",
            "disable_until": "0",
            "tls_issuer": "",
            "jmx_disable_until": "0",
            "errors_from": "0",
            "snmp_errors_from": "0"
        },
        {
            "maintenance_type": "0",
            "available": "1",
            "tls_connect": "1",
            "name": "DESKTOP-FUBPOG7",
            "ipmi_disable_until": "0",
            "proxy_hostid": "0",
            "maintenance_from": "0",
            "ipmi_authtype": "0",
            "ipmi_privilege": "2",
            "snmp_disable_until": "0",
            "tls_subject": "",
            "ipmi_errors_from": "0",
            "snmp_error": "",
            "jmx_errors_from": "0",
            "description": "",
            "ipmi_password": "",
            "maintenance_status": "0",
            "hostid": "10146",
            "jmx_error": "",
            "host": "DESKTOP-FUBPOG7",
            "jmx_available": "0",
            "tls_psk": "",
            "ipmi_username": "",
            "ipmi_error": "",
            "lastaccess": "0",
            "flags": "0",
            "tls_psk_identity": "",
            "snmp_available": "0",
            "error": "",
            "templateid": "0",
            "maintenanceid": "0",
            "tls_accept": "1",
            "ipmi_available": "0",
            "status": "0",
            "disable_until": "0",
            "tls_issuer": "",
            "jmx_disable_until": "0",
            "errors_from": "0",
            "snmp_errors_from": "0"
        },
        {
            "maintenance_type": "0",
            "available": "1",
            "tls_connect": "1",
            "name": "CV520 Agent",
            "ipmi_disable_until": "0",
            "proxy_hostid": "0",
            "maintenance_from": "0",
            "ipmi_authtype": "-1",
            "ipmi_privilege": "2",
            "snmp_disable_until": "0",
            "tls_subject": "",
            "ipmi_errors_from": "0",
            "snmp_error": "",
            "jmx_errors_from": "0",
            "description": "",
            "ipmi_password": "",
            "maintenance_status": "0",
            "hostid": "10148",
            "jmx_error": "",
            "host": "CV520 Agent",
            "jmx_available": "0",
            "tls_psk": "",
            "ipmi_username": "",
            "ipmi_error": "",
            "lastaccess": "0",
            "flags": "0",
            "tls_psk_identity": "",
            "snmp_available": "0",
            "error": "",
            "templateid": "0",
            "maintenanceid": "0",
            "tls_accept": "1",
            "ipmi_available": "0",
            "status": "0",
            "disable_until": "0",
            "tls_issuer": "",
            "jmx_disable_until": "0",
            "errors_from": "0",
            "snmp_errors_from": "0"
        },
        {
            "maintenance_type": "0",
            "available": "0",
            "tls_connect": "1",
            "name": "d006",
            "ipmi_disable_until": "0",
            "proxy_hostid": "0",
            "maintenance_from": "0",
            "ipmi_authtype": "-1",
            "ipmi_privilege": "2",
            "snmp_disable_until": "0",
            "tls_subject": "",
            "ipmi_errors_from": "0",
            "snmp_error": "",
            "jmx_errors_from": "0",
            "description": "",
            "ipmi_password": "",
            "maintenance_status": "0",
            "hostid": "10150",
            "jmx_error": "",
            "host": "d006",
            "jmx_available": "0",
            "tls_psk": "",
            "ipmi_username": "",
            "ipmi_error": "",
            "lastaccess": "0",
            "flags": "0",
            "tls_psk_identity": "",
            "snmp_available": "0",
            "error": "",
            "templateid": "0",
            "maintenanceid": "0",
            "tls_accept": "1",
            "ipmi_available": "0",
            "status": "0",
            "disable_until": "0",
            "tls_issuer": "",
            "jmx_disable_until": "0",
            "errors_from": "0",
            "snmp_errors_from": "0"
        }
    ],
    "id": 2,
    "jsonrpc": "2.0"
}
Sending: {
    "auth": "a1a479d26d6f3aa25181479a1e69d048",
    "params": {
        "output": "extend"
    },
    "id": 3,
    "method": "hostgroup.get",
    "jsonrpc": "2.0"
}
Response Code: 200
Response Body: {
    "result": [
        {
            "groupid": "1",
            "internal": "0",
            "name": "Templates",
            "flags": "0"
        },
        {
            "groupid": "2",
            "internal": "0",
            "name": "Linux servers",
            "flags": "0"
        },
        {
            "groupid": "4",
            "internal": "0",
            "name": "Zabbix servers",
            "flags": "0"
        },
        {
            "groupid": "5",
            "internal": "1",
            "name": "Discovered hosts",
            "flags": "0"
        },
        {
            "groupid": "6",
            "internal": "0",
            "name": "Virtual machines",
            "flags": "0"
        },
        {
            "groupid": "7",
            "internal": "0",
            "name": "Hypervisors",
            "flags": "0"
        },
        {
            "groupid": "8",
            "internal": "0",
            "name": "Test",
            "flags": "0"
        },
        {
            "groupid": "9",
            "internal": "0",
            "name": "Network Discovery Test",
            "flags": "0"
        },
        {
            "groupid": "10",
            "internal": "0",
            "name": "7552",
            "flags": "0"
        },
        {
            "groupid": "11",
            "internal": "0",
            "name": "Default",
            "flags": "0"
        },
        {
            "groupid": "12",
            "internal": "0",
            "name": "PH Templates",
            "flags": "0"
        },
        {
            "groupid": "13",
            "internal": "0",
            "name": "Web Hosts",
            "flags": "0"
        }
    ],
    "id": 3,
    "jsonrpc": "2.0"
}
Sending: {
    "auth": "a1a479d26d6f3aa25181479a1e69d048",
    "params": {
        "interfaces": [
            {
                "type": "1",
                "dns": "",
                "ip": "127.0.0.1",
                "port": "10050",
                "useip": "1",
                "main": "1"
            }
        ],
        "groups": [
            {
                "groupid": "10"
            }
        ],
        "host": "hello"
    },
    "id": 4,
    "method": "host.create",
    "jsonrpc": "2.0"
}
Response Code: 200
Response Body: {
    "result": {
        "hostids": [
            "10156"
        ]
    },
    "id": 4,
    "jsonrpc": "2.0"
}
Sending: {
    "auth": "a1a479d26d6f3aa25181479a1e69d048",
    "params": {
        "interfaces": [
            {
                "type": "1",
                "dns": "",
                "ip": "127.0.0.1",
                "port": "10050",
                "useip": "1",
                "main": "1"
            }
        ],
        "groups": [
            {
                "groupid": "10"
            }
        ],
        "host": "hi there"
    },
    "id": 5,
    "method": "host.create",
    "jsonrpc": "2.0"
}
Response Code: 200
Response Body: {
    "result": {
        "hostids": [
            "10157"
        ]
    },
    "id": 5,
    "jsonrpc": "2.0"
}
Sending: {
    "auth": "a1a479d26d6f3aa25181479a1e69d048",
    "params": {
        "output": "extend"
    },
    "id": 6,
    "method": "host.get",
    "jsonrpc": "2.0"
}
Response Code: 200
Response Body: {
    "result": [
        {
            "maintenance_type": "0",
            "available": "1",
            "tls_connect": "1",
            "name": "Zabbix server",
            "ipmi_disable_until": "0",
            "proxy_hostid": "0",
            "maintenance_from": "0",
            "ipmi_authtype": "-1",
            "ipmi_privilege": "2",
            "snmp_disable_until": "0",
            "tls_subject": "",
            "ipmi_errors_from": "0",
            "snmp_error": "",
            "jmx_errors_from": "0",
            "description": "",
            "ipmi_password": "",
            "maintenance_status": "0",
            "hostid": "10084",
            "jmx_error": "",
            "host": "Zabbix server",
            "jmx_available": "0",
            "tls_psk": "",
            "ipmi_username": "",
            "ipmi_error": "",
            "lastaccess": "0",
            "flags": "0",
            "tls_psk_identity": "",
            "snmp_available": "0",
            "error": "",
            "templateid": "0",
            "maintenanceid": "0",
            "tls_accept": "1",
            "ipmi_available": "0",
            "status": "0",
            "disable_until": "0",
            "tls_issuer": "",
            "jmx_disable_until": "0",
            "errors_from": "0",
            "snmp_errors_from": "0"
        },
        {
            "maintenance_type": "0",
            "available": "0",
            "tls_connect": "1",
            "name": "v6016",
            "ipmi_disable_until": "0",
            "proxy_hostid": "0",
            "maintenance_from": "0",
            "ipmi_authtype": "-1",
            "ipmi_privilege": "2",
            "snmp_disable_until": "0",
            "tls_subject": "",
            "ipmi_errors_from": "0",
            "snmp_error": "",
            "jmx_errors_from": "0",
            "description": "Web monitoring",
            "ipmi_password": "",
            "maintenance_status": "0",
            "hostid": "10133",
            "jmx_error": "",
            "host": "v6016",
            "jmx_available": "0",
            "tls_psk": "",
            "ipmi_username": "",
            "ipmi_error": "",
            "lastaccess": "0",
            "flags": "0",
            "tls_psk_identity": "",
            "snmp_available": "0",
            "error": "",
            "templateid": "0",
            "maintenanceid": "0",
            "tls_accept": "1",
            "ipmi_available": "0",
            "status": "0",
            "disable_until": "0",
            "tls_issuer": "",
            "jmx_disable_until": "0",
            "errors_from": "0",
            "snmp_errors_from": "0"
        },
        {
            "maintenance_type": "0",
            "available": "0",
            "tls_connect": "1",
            "name": "CV520",
            "ipmi_disable_until": "0",
            "proxy_hostid": "0",
            "maintenance_from": "0",
            "ipmi_authtype": "-1",
            "ipmi_privilege": "2",
            "snmp_disable_until": "0",
            "tls_subject": "",
            "ipmi_errors_from": "0",
            "snmp_error": "",
            "jmx_errors_from": "0",
            "description": "",
            "ipmi_password": "",
            "maintenance_status": "0",
            "hostid": "10138",
            "jmx_error": "",
            "host": "CV520",
            "jmx_available": "0",
            "tls_psk": "",
            "ipmi_username": "",
            "ipmi_error": "",
            "lastaccess": "0",
            "flags": "0",
            "tls_psk_identity": "",
            "snmp_available": "1",
            "error": "",
            "templateid": "0",
            "maintenanceid": "0",
            "tls_accept": "1",
            "ipmi_available": "0",
            "status": "0",
            "disable_until": "0",
            "tls_issuer": "",
            "jmx_disable_until": "0",
            "errors_from": "0",
            "snmp_errors_from": "0"
        },
        {
            "maintenance_type": "0",
            "available": "1",
            "tls_connect": "1",
            "name": "ZTEST1",
            "ipmi_disable_until": "0",
            "proxy_hostid": "0",
            "maintenance_from": "0",
            "ipmi_authtype": "-1",
            "ipmi_privilege": "2",
            "snmp_disable_until": "0",
            "tls_subject": "",
            "ipmi_errors_from": "0",
            "snmp_error": "",
            "jmx_errors_from": "0",
            "description": "",
            "ipmi_password": "",
            "maintenance_status": "0",
            "hostid": "10140",
            "jmx_error": "",
            "host": "ZTEST1",
            "jmx_available": "0",
            "tls_psk": "",
            "ipmi_username": "",
            "ipmi_error": "",
            "lastaccess": "0",
            "flags": "0",
            "tls_psk_identity": "",
            "snmp_available": "1",
            "error": "",
            "templateid": "0",
            "maintenanceid": "0",
            "tls_accept": "1",
            "ipmi_available": "0",
            "status": "0",
            "disable_until": "0",
            "tls_issuer": "",
            "jmx_disable_until": "0",
            "errors_from": "0",
            "snmp_errors_from": "0"
        },
        {
            "maintenance_type": "0",
            "available": "1",
            "tls_connect": "1",
            "name": "ZTEST2",
            "ipmi_disable_until": "0",
            "proxy_hostid": "0",
            "maintenance_from": "0",
            "ipmi_authtype": "-1",
            "ipmi_privilege": "2",
            "snmp_disable_until": "0",
            "tls_subject": "",
            "ipmi_errors_from": "0",
            "snmp_error": "",
            "jmx_errors_from": "0",
            "description": "",
            "ipmi_password": "",
            "maintenance_status": "0",
            "hostid": "10141",
            "jmx_error": "",
            "host": "ZTEST2",
            "jmx_available": "0",
            "tls_psk": "",
            "ipmi_username": "",
            "ipmi_error": "",
            "lastaccess": "0",
            "flags": "0",
            "tls_psk_identity": "",
            "snmp_available": "1",
            "error": "",
            "templateid": "0",
            "maintenanceid": "0",
            "tls_accept": "1",
            "ipmi_available": "0",
            "status": "0",
            "disable_until": "0",
            "tls_issuer": "",
            "jmx_disable_until": "0",
            "errors_from": "0",
            "snmp_errors_from": "0"
        },
        {
            "maintenance_type": "0",
            "available": "0",
            "tls_connect": "1",
            "name": "192.168.254.240",
            "ipmi_disable_until": "0",
            "proxy_hostid": "0",
            "maintenance_from": "0",
            "ipmi_authtype": "0",
            "ipmi_privilege": "2",
            "snmp_disable_until": "0",
            "tls_subject": "",
            "ipmi_errors_from": "0",
            "snmp_error": "",
            "jmx_errors_from": "0",
            "description": "",
            "ipmi_password": "",
            "maintenance_status": "0",
            "hostid": "10143",
            "jmx_error": "",
            "host": "192.168.254.240",
            "jmx_available": "0",
            "tls_psk": "",
            "ipmi_username": "",
            "ipmi_error": "",
            "lastaccess": "0",
            "flags": "0",
            "tls_psk_identity": "",
            "snmp_available": "1",
            "error": "",
            "templateid": "0",
            "maintenanceid": "0",
            "tls_accept": "1",
            "ipmi_available": "0",
            "status": "0",
            "disable_until": "0",
            "tls_issuer": "",
            "jmx_disable_until": "0",
            "errors_from": "0",
            "snmp_errors_from": "0"
        },
        {
            "maintenance_type": "0",
            "available": "0",
            "tls_connect": "1",
            "name": "192.168.254.243",
            "ipmi_disable_until": "0",
            "proxy_hostid": "0",
            "maintenance_from": "0",
            "ipmi_authtype": "0",
            "ipmi_privilege": "2",
            "snmp_disable_until": "0",
            "tls_subject": "",
            "ipmi_errors_from": "0",
            "snmp_error": "",
            "jmx_errors_from": "0",
            "description": "",
            "ipmi_password": "",
            "maintenance_status": "0",
            "hostid": "10144",
            "jmx_error": "",
            "host": "192.168.254.243",
            "jmx_available": "0",
            "tls_psk": "",
            "ipmi_username": "",
            "ipmi_error": "",
            "lastaccess": "0",
            "flags": "0",
            "tls_psk_identity": "",
            "snmp_available": "1",
            "error": "",
            "templateid": "0",
            "maintenanceid": "0",
            "tls_accept": "1",
            "ipmi_available": "0",
            "status": "0",
            "disable_until": "0",
            "tls_issuer": "",
            "jmx_disable_until": "0",
            "errors_from": "0",
            "snmp_errors_from": "0"
        },
        {
            "maintenance_type": "0",
            "available": "1",
            "tls_connect": "1",
            "name": "CV520 Inventory",
            "ipmi_disable_until": "0",
            "proxy_hostid": "0",
            "maintenance_from": "0",
            "ipmi_authtype": "-1",
            "ipmi_privilege": "2",
            "snmp_disable_until": "0",
            "tls_subject": "",
            "ipmi_errors_from": "0",
            "snmp_error": "",
            "jmx_errors_from": "0",
            "description": "",
            "ipmi_password": "",
            "maintenance_status": "0",
            "hostid": "10145",
            "jmx_error": "",
            "host": "CV520 Inventory",
            "jmx_available": "0",
            "tls_psk": "",
            "ipmi_username": "",
            "ipmi_error": "",
            "lastaccess": "0",
            "flags": "0",
            "tls_psk_identity": "",
            "snmp_available": "1",
            "error": "",
            "templateid": "0",
            "maintenanceid": "0",
            "tls_accept": "1",
            "ipmi_available": "0",
            "status": "0",
            "disable_until": "0",
            "tls_issuer": "",
            "jmx_disable_until": "0",
            "errors_from": "0",
            "snmp_errors_from": "0"
        },
        {
            "maintenance_type": "0",
            "available": "1",
            "tls_connect": "1",
            "name": "DESKTOP-FUBPOG7",
            "ipmi_disable_until": "0",
            "proxy_hostid": "0",
            "maintenance_from": "0",
            "ipmi_authtype": "0",
            "ipmi_privilege": "2",
            "snmp_disable_until": "0",
            "tls_subject": "",
            "ipmi_errors_from": "0",
            "snmp_error": "",
            "jmx_errors_from": "0",
            "description": "",
            "ipmi_password": "",
            "maintenance_status": "0",
            "hostid": "10146",
            "jmx_error": "",
            "host": "DESKTOP-FUBPOG7",
            "jmx_available": "0",
            "tls_psk": "",
            "ipmi_username": "",
            "ipmi_error": "",
            "lastaccess": "0",
            "flags": "0",
            "tls_psk_identity": "",
            "snmp_available": "0",
            "error": "",
            "templateid": "0",
            "maintenanceid": "0",
            "tls_accept": "1",
            "ipmi_available": "0",
            "status": "0",
            "disable_until": "0",
            "tls_issuer": "",
            "jmx_disable_until": "0",
            "errors_from": "0",
            "snmp_errors_from": "0"
        },
        {
            "maintenance_type": "0",
            "available": "1",
            "tls_connect": "1",
            "name": "CV520 Agent",
            "ipmi_disable_until": "0",
            "proxy_hostid": "0",
            "maintenance_from": "0",
            "ipmi_authtype": "-1",
            "ipmi_privilege": "2",
            "snmp_disable_until": "0",
            "tls_subject": "",
            "ipmi_errors_from": "0",
            "snmp_error": "",
            "jmx_errors_from": "0",
            "description": "",
            "ipmi_password": "",
            "maintenance_status": "0",
            "hostid": "10148",
            "jmx_error": "",
            "host": "CV520 Agent",
            "jmx_available": "0",
            "tls_psk": "",
            "ipmi_username": "",
            "ipmi_error": "",
            "lastaccess": "0",
            "flags": "0",
            "tls_psk_identity": "",
            "snmp_available": "0",
            "error": "",
            "templateid": "0",
            "maintenanceid": "0",
            "tls_accept": "1",
            "ipmi_available": "0",
            "status": "0",
            "disable_until": "0",
            "tls_issuer": "",
            "jmx_disable_until": "0",
            "errors_from": "0",
            "snmp_errors_from": "0"
        },
        {
            "maintenance_type": "0",
            "available": "0",
            "tls_connect": "1",
            "name": "d006",
            "ipmi_disable_until": "0",
            "proxy_hostid": "0",
            "maintenance_from": "0",
            "ipmi_authtype": "-1",
            "ipmi_privilege": "2",
            "snmp_disable_until": "0",
            "tls_subject": "",
            "ipmi_errors_from": "0",
            "snmp_error": "",
            "jmx_errors_from": "0",
            "description": "",
            "ipmi_password": "",
            "maintenance_status": "0",
            "hostid": "10150",
            "jmx_error": "",
            "host": "d006",
            "jmx_available": "0",
            "tls_psk": "",
            "ipmi_username": "",
            "ipmi_error": "",
            "lastaccess": "0",
            "flags": "0",
            "tls_psk_identity": "",
            "snmp_available": "0",
            "error": "",
            "templateid": "0",
            "maintenanceid": "0",
            "tls_accept": "1",
            "ipmi_available": "0",
            "status": "0",
            "disable_until": "0",
            "tls_issuer": "",
            "jmx_disable_until": "0",
            "errors_from": "0",
            "snmp_errors_from": "0"
        },
        {
            "maintenance_type": "0",
            "available": "0",
            "tls_connect": "1",
            "name": "hello",
            "ipmi_disable_until": "0",
            "proxy_hostid": "0",
            "maintenance_from": "0",
            "ipmi_authtype": "0",
            "ipmi_privilege": "2",
            "snmp_disable_until": "0",
            "tls_subject": "",
            "ipmi_errors_from": "0",
            "snmp_error": "",
            "jmx_errors_from": "0",
            "description": "",
            "ipmi_password": "",
            "maintenance_status": "0",
            "hostid": "10156",
            "jmx_error": "",
            "host": "hello",
            "jmx_available": "0",
            "tls_psk": "",
            "ipmi_username": "",
            "ipmi_error": "",
            "lastaccess": "0",
            "flags": "0",
            "tls_psk_identity": "",
            "snmp_available": "0",
            "error": "",
            "templateid": "0",
            "maintenanceid": "0",
            "tls_accept": "1",
            "ipmi_available": "0",
            "status": "0",
            "disable_until": "0",
            "tls_issuer": "",
            "jmx_disable_until": "0",
            "errors_from": "0",
            "snmp_errors_from": "0"
        },
        {
            "maintenance_type": "0",
            "available": "0",
            "tls_connect": "1",
            "name": "hi there",
            "ipmi_disable_until": "0",
            "proxy_hostid": "0",
            "maintenance_from": "0",
            "ipmi_authtype": "0",
            "ipmi_privilege": "2",
            "snmp_disable_until": "0",
            "tls_subject": "",
            "ipmi_errors_from": "0",
            "snmp_error": "",
            "jmx_errors_from": "0",
            "description": "",
            "ipmi_password": "",
            "maintenance_status": "0",
            "hostid": "10157",
            "jmx_error": "",
            "host": "hi there",
            "jmx_available": "0",
            "tls_psk": "",
            "ipmi_username": "",
            "ipmi_error": "",
            "lastaccess": "0",
            "flags": "0",
            "tls_psk_identity": "",
            "snmp_available": "0",
            "error": "",
            "templateid": "0",
            "maintenanceid": "0",
            "tls_accept": "1",
            "ipmi_available": "0",
            "status": "0",
            "disable_until": "0",
            "tls_issuer": "",
            "jmx_disable_until": "0",
            "errors_from": "0",
            "snmp_errors_from": "0"
        }
    ],
    "id": 6,
    "jsonrpc": "2.0"
}
Sending: {
    "auth": "a1a479d26d6f3aa25181479a1e69d048",
    "params": {
        "ssl_key_password": "",
        "hostid": "10156",
        "ssl_cert_file": "",
        "name": "https://v6016.msepmonline.net/projectserver6016",
        "headers": "",
        "http_password": "H6fJmymy",
        "variables": "",
        "verify_host": "0",
        "ssl_key_file": "",
        "delay": "90",
        "authentication": "2",
        "agent": "Mozilla/5.0 (Windows; U; MSIE 7.0; Windows NT 6.0; en-US)",
        "http_user": "g1\\admin.6016",
        "steps": [
            {
                "url": "https://v6016.msepmonline.net/projectserver6016/default.aspx",
                "headers": "",
                "posts": "",
                "name": "https://v6016.msepmonline.net/projectserver6016",
                "timeout": "15",
                "follow_redirects": "1",
                "status_codes": "200",
                "required": "Timesheets",
                "variables": "",
                "no": 1
            }
        ],
        "verify_peer": "0"
    },
    "id": 7,
    "method": "httptest.create",
    "jsonrpc": "2.0"
}
Response Code: 200
Response Body: {
    "result": {
        "httptestids": [
            "19"
        ]
    },
    "id": 7,
    "jsonrpc": "2.0"
}
Sending: {
    "auth": "a1a479d26d6f3aa25181479a1e69d048",
    "params": {
        "url": "http://{$MYIP}/zabbix/events.php?triggerid={TRIGGERID}&filter_set=1&time=86400",
        "priority": "4",
        "expression": "{hello:web.test.fail[https://v6016.msepmonline.net/projectserver6016].last()}>0 and {hello:web.test.error[https://v6016.msepmonline.net/projectserver6016].strlen()}<>0",
        "description": "https://v6016.msepmonline.net/projectserver6016failed: {ITEM.VALUE}",
        "comment": "hello:web.test.error[https://v6016.msepmonline.net/projectserver6016]}"
    },
    "id": 8,
    "method": "trigger.create",
    "jsonrpc": "2.0"
}
Response Code: 200
Response Body: {
    "result": {
        "triggerids": [
            "14914"
        ]
    },
    "id": 8,
    "jsonrpc": "2.0"
}
Sending: {
    "auth": "a1a479d26d6f3aa25181479a1e69d048",
    "params": {
        "ssl_key_password": "",
        "hostid": "10157",
        "ssl_cert_file": "",
        "name": "https://a5d006app1.online15.net/ProjectServer45006",
        "headers": "",
        "http_password": "",
        "variables": "",
        "verify_host": "0",
        "ssl_key_file": "",
        "delay": "90",
        "authentication": "0",
        "agent": "Mozilla/5.0 (Windows; U; MSIE 7.0; Windows NT 6.0; en-US)",
        "http_user": "",
        "steps": [
            {
                "url": "https://a5d006app1.online15.net/ProjectServer45006",
                "headers": "",
                "posts": "Username=a5\\admin.45006&Password=Q5xnkq7r&action=signin",
                "name": "https://a5d006app1.online15.net/ProjectServer45006",
                "timeout": "15",
                "follow_redirects": "1",
                "status_codes": "200",
                "required": "Project Web App",
                "variables": "",
                "no": 1
            }
        ],
        "verify_peer": "0"
    },
    "id": 9,
    "method": "httptest.create",
    "jsonrpc": "2.0"
}
Response Code: 200
Response Body: {
    "result": {
        "httptestids": [
            "20"
        ]
    },
    "id": 9,
    "jsonrpc": "2.0"
}
Sending: {
    "auth": "a1a479d26d6f3aa25181479a1e69d048",
    "params": {
        "url": "http://{$MYIP}/zabbix/events.php?triggerid={TRIGGERID}&filter_set=1&time=86400",
        "priority": "4",
        "expression": "{hi there:web.test.fail[https://a5d006app1.online15.net/ProjectServer45006].last()}>0 and {hi there:web.test.error[https://a5d006app1.online15.net/ProjectServer45006].strlen()}<>0",
        "description": "https://a5d006app1.online15.net/ProjectServer45006failed: {ITEM.VALUE}",
        "comment": "hi there:web.test.error[https://a5d006app1.online15.net/ProjectServer45006]}"
    },
    "id": 10,
    "method": "trigger.create",
    "jsonrpc": "2.0"
}
Response Code: 200
Response Body: {
    "result": {
        "triggerids": [
            "14915"
        ]
    },
    "id": 10,
    "jsonrpc": "2.0"
}
